2024-04-18 18:11:45,532 [INFO] Activator:176 - 


2024-04-18 18:11:45,538 [INFO] Activator:177 - !SESSION log4j initialized
2024-04-18 18:11:51,467 [INFO] LogOutputStream:77 - [STDOUT_REDIRECT] 
2024-04-18 18:11:52,384 [INFO] ApplicationProperties:184 - Using Application install path: C:\ST\STM32CubeIDE_1.15.0\STM32CubeIDE\plugins\com.st.stm32cube.common.mx_6.11.0.202403141607
2024-04-18 18:11:52,402 [INFO] DbMcusXml:78 - Set database path to: C:\ST\STM32CubeIDE_1.15.0\STM32CubeIDE\plugins\com.st.stm32cube.common.mx_6.11.0.202403141607\\db\/mcu/
2024-04-18 18:11:52,402 [INFO] ApiDb:274 - Set plugin database path to: C:\ST\STM32CubeIDE_1.15.0\STM32CubeIDE\plugins\com.st.stm32cube.common.mx_6.11.0.202403141607\\db\/plugins/boardmanager/
2024-04-18 18:11:52,402 [WARN] ApiDb:259 - Overriding images path with different value:  => C:\ST\STM32CubeIDE_1.15.0\STM32CubeIDE\plugins\com.st.stm32cube.common.mx_6.11.0.202403141607\\db\/plugins/mcufinder/images/
2024-04-18 18:11:52,410 [INFO] ApiDb:250 - Set database path to: C:\Users\miles\.stmcufinder\plugins\mcufinder//mcu/
2024-04-18 18:11:52,412 [INFO] DbMcusAds:125 - Set database path to: C:\Users\miles\.stmcufinder\plugins\mcufinder//mcu/
2024-04-18 18:11:52,413 [INFO] CrossReferenceDbSqlite:203 - Set database path to: C:\Users\miles\.stmcufinder\plugins\mcufinder//mcu/cs/
2024-04-18 18:11:52,551 [INFO] RulesReader:64 - Compatibility file has been processed (297 Rules)
2024-04-18 18:11:52,642 [INFO] DbMcusXml:78 - Set database path to: C:\ST\STM32CubeIDE_1.15.0\STM32CubeIDE\plugins\com.st.stm32cube.common.mx_6.11.0.202403141607\\db\/mcu/
2024-04-18 18:11:52,642 [INFO] ApiDb:274 - Set plugin database path to: C:\ST\STM32CubeIDE_1.15.0\STM32CubeIDE\plugins\com.st.stm32cube.common.mx_6.11.0.202403141607\\db\/plugins/boardmanager/
2024-04-18 18:11:52,643 [INFO] ApiDb:261 - Set plugin images path to: C:\ST\STM32CubeIDE_1.15.0\STM32CubeIDE\plugins\com.st.stm32cube.common.mx_6.11.0.202403141607\\db\/plugins/mcufinder/images/
2024-04-18 18:11:52,643 [WARN] DbFile:41 - Overriding database path with different value: C:\Users\miles\.stmcufinder\plugins\mcufinder/ => C:\Users\miles\.stmcufinder\plugins\mcufinder
2024-04-18 18:11:52,643 [INFO] ApiDb:250 - Set database path to: C:\Users\miles\.stmcufinder\plugins\mcufinder//mcu/
2024-04-18 18:11:52,643 [WARN] DbFile:41 - Overriding database path with different value: C:\Users\miles\.stmcufinder\plugins\mcufinder/ => C:\Users\miles\.stmcufinder\plugins\mcufinder
2024-04-18 18:11:52,643 [INFO] DbMcusAds:125 - Set database path to: C:\Users\miles\.stmcufinder\plugins\mcufinder//mcu/
2024-04-18 18:11:52,643 [WARN] DbFile:41 - Overriding database path with different value: C:\Users\miles\.stmcufinder\plugins\mcufinder/ => C:\Users\miles\.stmcufinder\plugins\mcufinder
2024-04-18 18:11:52,643 [WARN] DbFile:41 - Overriding database path with different value: C:\Users\miles\.stmcufinder\plugins\mcufinder/ => C:\Users\miles\.stmcufinder\plugins\mcufinder
2024-04-18 18:11:52,643 [INFO] CrossReferenceDbSqlite:203 - Set database path to: C:\Users\miles\.stmcufinder\plugins\mcufinder//mcu/cs/
2024-04-18 18:11:52,711 [INFO] MainPanel:264 - HeapMemory: 268435456
2024-04-18 18:11:52,785 [INFO] DbMcusXml:78 - Set database path to: C:\ST\STM32CubeIDE_1.15.0\STM32CubeIDE\plugins\com.st.stm32cube.common.mx_6.11.0.202403141607\\db\/mcu/
2024-04-18 18:11:52,785 [INFO] ApiDb:274 - Set plugin database path to: C:\ST\STM32CubeIDE_1.15.0\STM32CubeIDE\plugins\com.st.stm32cube.common.mx_6.11.0.202403141607\\db\/plugins/boardmanager/
2024-04-18 18:11:52,785 [INFO] ApiDb:261 - Set plugin images path to: C:\ST\STM32CubeIDE_1.15.0\STM32CubeIDE\plugins\com.st.stm32cube.common.mx_6.11.0.202403141607\\db\/plugins/mcufinder/images/
2024-04-18 18:11:52,785 [WARN] DbFile:41 - Overriding database path with different value: C:\Users\miles\.stmcufinder\plugins\mcufinder/ => C:\Users\miles\.stmcufinder\plugins\mcufinder
2024-04-18 18:11:52,785 [INFO] ApiDb:250 - Set database path to: C:\Users\miles\.stmcufinder\plugins\mcufinder//mcu/
2024-04-18 18:11:52,785 [WARN] DbFile:41 - Overriding database path with different value: C:\Users\miles\.stmcufinder\plugins\mcufinder/ => C:\Users\miles\.stmcufinder\plugins\mcufinder
2024-04-18 18:11:52,785 [INFO] DbMcusAds:125 - Set database path to: C:\Users\miles\.stmcufinder\plugins\mcufinder//mcu/
2024-04-18 18:11:52,785 [WARN] DbFile:41 - Overriding database path with different value: C:\Users\miles\.stmcufinder\plugins\mcufinder/ => C:\Users\miles\.stmcufinder\plugins\mcufinder
2024-04-18 18:11:52,785 [WARN] DbFile:41 - Overriding database path with different value: C:\Users\miles\.stmcufinder\plugins\mcufinder/ => C:\Users\miles\.stmcufinder\plugins\mcufinder
2024-04-18 18:11:52,785 [INFO] CrossReferenceDbSqlite:203 - Set database path to: C:\Users\miles\.stmcufinder\plugins\mcufinder//mcu/cs/
2024-04-18 18:11:52,800 [INFO] ApplicationProperties:184 - Using Application install path: C:\ST\STM32CubeIDE_1.15.0\STM32CubeIDE\plugins\com.st.stm32cube.common.mx_6.11.0.202403141607
2024-04-18 18:11:52,802 [INFO] PluginManage:196 - Search for loadable plugins [exclusion list=, ]
2024-04-18 18:11:52,803 [INFO] PluginManage:310 - Check plugin analytics
2024-04-18 18:11:52,963 [INFO] AnalyticsPlugin:253 - Accepted Software Licenses: 
2024-04-18 18:11:52,963 [INFO] AnalyticsPlugin:255 - Accepted CMSIS Pack Licenses: 
2024-04-18 18:11:52,963 [INFO] AnalyticsPlugin:257 - Accepted Firmware Licenses: FW.F4.1.28.0
2024-04-18 18:11:52,968 [INFO] PluginManage:359 - Loaded plugin analytics (category:tool,tabindex:-1)
2024-04-18 18:11:52,969 [INFO] PluginManage:310 - Check plugin cadmodel
2024-04-18 18:11:52,980 [INFO] CADModel:105 - Init CAD model plugin
2024-04-18 18:11:52,981 [INFO] PluginManage:359 - Loaded plugin cadmodel (category:power,tabindex:5)
2024-04-18 18:11:52,981 [INFO] PluginManage:310 - Check plugin clock
2024-04-18 18:11:52,998 [INFO] PluginManage:359 - Loaded plugin clock (category:base,tabindex:2)
2024-04-18 18:11:52,998 [INFO] PluginManage:310 - Check plugin ddr
2024-04-18 18:11:53,000 [INFO] PluginManage:359 - Loaded plugin ddr (category:tool,tabindex:6)
2024-04-18 18:11:53,000 [INFO] PluginManage:310 - Check plugin filemanager
2024-04-18 18:11:53,121 [INFO] PluginManage:359 - Loaded plugin filemanager (category:base,tabindex:10)
2024-04-18 18:11:53,121 [INFO] PluginManage:310 - Check plugin ipmanager
2024-04-18 18:11:53,127 [INFO] PluginManage:359 - Loaded plugin ipmanager (category:base,tabindex:5)
2024-04-18 18:11:53,127 [INFO] PluginManage:310 - Check plugin lpbam
2024-04-18 18:11:53,142 [INFO] PluginManage:359 - Loaded plugin lpbam (category:base,tabindex:0)
2024-04-18 18:11:53,142 [INFO] PluginManage:310 - Check plugin memorymap
2024-04-18 18:11:53,160 [INFO] PluginManage:359 - Loaded plugin memorymap (category:base,tabindex:4)
2024-04-18 18:11:53,160 [INFO] PluginManage:310 - Check plugin pinoutandconfiguration
2024-04-18 18:11:53,173 [INFO] PluginManage:359 - Loaded plugin pinoutandconfiguration (category:base,tabindex:1)
2024-04-18 18:11:53,173 [INFO] PluginManage:310 - Check plugin pinoutconfig
2024-04-18 18:11:53,251 [WARN] SupportedApi:132 - Cannot load RTOS API schema: s4s-elt-must-match.1: The content of 'definitions' must match (annotation?, (simpleType | complexType)?, (unique | key | keyref)*)). A problem was found starting at: attribute.
2024-04-18 18:11:53,356 [INFO] PluginManage:359 - Loaded plugin pinoutconfig (category:base,tabindex:0)
2024-04-18 18:11:53,356 [INFO] PluginManage:310 - Check plugin power
2024-04-18 18:11:53,371 [INFO] PluginManage:359 - Loaded plugin power (category:power,tabindex:4)
2024-04-18 18:11:53,371 [INFO] PluginManage:310 - Check plugin projectmanager
2024-04-18 18:11:53,385 [INFO] PluginManage:359 - Loaded plugin projectmanager (category:projectmanager,tabindex:3)
2024-04-18 18:11:53,385 [INFO] PluginManage:310 - Check plugin thirdparty
2024-04-18 18:11:53,605 [INFO] PluginManage:359 - Loaded plugin thirdparty (category:base,tabindex:-1)
2024-04-18 18:11:53,605 [WARN] IntegrityCheckThread:84 - waiting for thirdparty lock release [integrity check]
2024-04-18 18:11:53,607 [INFO] PluginManage:310 - Check plugin tools
2024-04-18 18:11:53,607 [INFO] IntegrityCheckThread:86 - entering critical section [integrity check]
2024-04-18 18:11:53,608 [INFO] ThirdPartyUpdaterWithRetryManager:70 - Updater plugin not ready yet. [1/15]
2024-04-18 18:11:53,634 [INFO] PluginManage:359 - Loaded plugin tools (category:base,tabindex:7)
2024-04-18 18:11:53,634 [INFO] PluginManage:310 - Check plugin tutovideos
2024-04-18 18:11:53,806 [INFO] PluginManage:359 - Loaded plugin tutovideos (category:base,tabindex:-1)
2024-04-18 18:11:53,806 [INFO] PluginManage:310 - Check plugin updater
2024-04-18 18:11:53,815 [INFO] PluginManage:359 - Loaded plugin updater (category:base,tabindex:12)
2024-04-18 18:11:53,815 [INFO] PluginManage:310 - Check plugin userauth
2024-04-18 18:11:53,820 [INFO] UserAuth:114 - Init User Auth plugin
2024-04-18 18:11:53,820 [INFO] PluginManage:359 - Loaded plugin userauth (category:base,tabindex:14)
2024-04-18 18:11:53,821 [INFO] PluginManage:283 - PluginManage : Loaded plugins [17]
2024-04-18 18:11:54,006 [INFO] PinOutPanel:1561 - setPackage(No Configuration,No Configuration)
2024-04-18 18:11:54,070 [INFO] CADModel:165 - CPN selected for project level
2024-04-18 18:11:54,070 [INFO] CADModel:114 - Register for checkConnection events
2024-04-18 18:11:54,091 [INFO] IPUIPlugin:80 - create IPUIPlugin
2024-04-18 18:11:54,091 [INFO] PluginManager:220 - loadIPPluginJar : add adc
2024-04-18 18:11:54,119 [INFO] IPUIPlugin:80 - create IPUIPlugin
2024-04-18 18:11:54,119 [INFO] PluginManager:220 - loadIPPluginJar : add aes
2024-04-18 18:11:54,150 [INFO] IPUIPlugin:80 - create IPUIPlugin
2024-04-18 18:11:54,150 [INFO] PluginManager:220 - loadIPPluginJar : add can
2024-04-18 18:11:54,167 [INFO] IPUIPlugin:80 - create IPUIPlugin
2024-04-18 18:11:54,170 [INFO] PluginManager:220 - loadIPPluginJar : add comp
2024-04-18 18:11:54,204 [INFO] IPUIPlugin:80 - create IPUIPlugin
2024-04-18 18:11:54,205 [INFO] PluginManager:220 - loadIPPluginJar : add cryp
2024-04-18 18:11:54,226 [INFO] IPUIPlugin:80 - create IPUIPlugin
2024-04-18 18:11:54,227 [INFO] PluginManager:220 - loadIPPluginJar : add dfsdm
2024-04-18 18:11:54,237 [INFO] IPUIPlugin:80 - create IPUIPlugin
2024-04-18 18:11:54,238 [INFO] PluginManager:220 - loadIPPluginJar : add dma
2024-04-18 18:11:54,268 [INFO] IPUIPlugin:80 - create IPUIPlugin
2024-04-18 18:11:54,268 [INFO] PluginManager:220 - loadIPPluginJar : add dma3
2024-04-18 18:11:54,302 [INFO] IPUIPlugin:80 - create IPUIPlugin
2024-04-18 18:11:54,302 [INFO] PluginManager:220 - loadIPPluginJar : add extmemmanager
2024-04-18 18:11:54,317 [INFO] IPUIPlugin:80 - create IPUIPlugin
2024-04-18 18:11:54,317 [INFO] PluginManager:220 - loadIPPluginJar : add fatfs
2024-04-18 18:11:54,354 [INFO] IPUIPlugin:80 - create IPUIPlugin
2024-04-18 18:11:54,354 [INFO] PluginManager:220 - loadIPPluginJar : add fmc
2024-04-18 18:11:54,366 [INFO] IPUIPlugin:80 - create IPUIPlugin
2024-04-18 18:11:54,366 [INFO] PluginManager:220 - loadIPPluginJar : add freertos
2024-04-18 18:11:54,381 [INFO] IPUIPlugin:80 - create IPUIPlugin
2024-04-18 18:11:54,381 [INFO] PluginManager:220 - loadIPPluginJar : add genericplugin
2024-04-18 18:11:54,447 [INFO] IPUIPlugin:80 - create IPUIPlugin
2024-04-18 18:11:54,449 [INFO] PluginManager:220 - loadIPPluginJar : add gfxmmu
2024-04-18 18:11:54,542 [INFO] IPUIPlugin:80 - create IPUIPlugin
2024-04-18 18:11:54,543 [INFO] PluginManager:220 - loadIPPluginJar : add gic
2024-04-18 18:11:54,552 [INFO] IPUIPlugin:80 - create IPUIPlugin
2024-04-18 18:11:54,552 [INFO] PluginManager:220 - loadIPPluginJar : add gpio
2024-04-18 18:11:54,623 [INFO] IPUIPlugin:80 - create IPUIPlugin
2024-04-18 18:11:54,623 [INFO] PluginManager:220 - loadIPPluginJar : add gtzc
2024-04-18 18:11:54,647 [INFO] IPUIPlugin:80 - create IPUIPlugin
2024-04-18 18:11:54,647 [INFO] PluginManager:220 - loadIPPluginJar : add hash
2024-04-18 18:11:54,685 [INFO] IPUIPlugin:80 - create IPUIPlugin
2024-04-18 18:11:54,685 [INFO] PluginManager:220 - loadIPPluginJar : add i2c
2024-04-18 18:11:54,712 [INFO] IPUIPlugin:80 - create IPUIPlugin
2024-04-18 18:11:54,712 [INFO] PluginManager:220 - loadIPPluginJar : add i2s
2024-04-18 18:11:54,743 [INFO] IPUIPlugin:80 - create IPUIPlugin
2024-04-18 18:11:54,743 [INFO] PluginManager:220 - loadIPPluginJar : add i3c
2024-04-18 18:11:54,825 [INFO] IPUIPlugin:80 - create IPUIPlugin
2024-04-18 18:11:54,825 [INFO] PluginManager:220 - loadIPPluginJar : add ipddr
2024-04-18 18:11:54,893 [INFO] IPUIPlugin:80 - create IPUIPlugin
2024-04-18 18:11:54,893 [INFO] PluginManager:220 - loadIPPluginJar : add linkedlist
2024-04-18 18:11:54,918 [INFO] IPUIPlugin:80 - create IPUIPlugin
2024-04-18 18:11:54,918 [INFO] PluginManager:220 - loadIPPluginJar : add lorawan
2024-04-18 18:11:54,948 [INFO] IPUIPlugin:80 - create IPUIPlugin
2024-04-18 18:11:54,948 [INFO] PluginManager:220 - loadIPPluginJar : add ltdc
2024-04-18 18:11:54,961 [INFO] IPUIPlugin:80 - create IPUIPlugin
2024-04-18 18:11:54,961 [INFO] PluginManager:220 - loadIPPluginJar : add mdma
2024-04-18 18:11:54,971 [INFO] IPUIPlugin:80 - create IPUIPlugin
2024-04-18 18:11:54,972 [INFO] PluginManager:220 - loadIPPluginJar : add nvic
2024-04-18 18:11:55,001 [INFO] IPUIPlugin:80 - create IPUIPlugin
2024-04-18 18:11:55,002 [INFO] PluginManager:220 - loadIPPluginJar : add opamp
2024-04-18 18:11:55,047 [INFO] IPUIPlugin:80 - create IPUIPlugin
2024-04-18 18:11:55,047 [INFO] PluginManager:220 - loadIPPluginJar : add openamp
2024-04-18 18:11:55,077 [INFO] IPUIPlugin:80 - create IPUIPlugin
2024-04-18 18:11:55,077 [INFO] PluginManager:220 - loadIPPluginJar : add pdm2pcm
2024-04-18 18:11:55,089 [INFO] IPUIPlugin:80 - create IPUIPlugin
2024-04-18 18:11:55,090 [INFO] PluginManager:220 - loadIPPluginJar : add plateformsettings
2024-04-18 18:11:55,107 [INFO] IPUIPlugin:80 - create IPUIPlugin
2024-04-18 18:11:55,107 [INFO] PluginManager:220 - loadIPPluginJar : add quadspi
2024-04-18 18:11:55,117 [INFO] IPUIPlugin:80 - create IPUIPlugin
2024-04-18 18:11:55,117 [INFO] PluginManager:220 - loadIPPluginJar : add resmgrutility
2024-04-18 18:11:55,151 [INFO] IPUIPlugin:80 - create IPUIPlugin
2024-04-18 18:11:55,151 [INFO] PluginManager:220 - loadIPPluginJar : add sai
2024-04-18 18:11:55,180 [INFO] IPUIPlugin:80 - create IPUIPlugin
2024-04-18 18:11:55,180 [INFO] PluginManager:220 - loadIPPluginJar : add spi
2024-04-18 18:11:55,230 [INFO] IPUIPlugin:80 - create IPUIPlugin
2024-04-18 18:11:55,230 [INFO] PluginManager:220 - loadIPPluginJar : add stm32_wpan
2024-04-18 18:11:55,247 [INFO] IPUIPlugin:80 - create IPUIPlugin
2024-04-18 18:11:55,248 [INFO] PluginManager:220 - loadIPPluginJar : add tim
2024-04-18 18:11:55,302 [INFO] IPUIPlugin:80 - create IPUIPlugin
2024-04-18 18:11:55,302 [INFO] PluginManager:220 - loadIPPluginJar : add touchsensing
2024-04-18 18:11:55,324 [INFO] IPUIPlugin:80 - create IPUIPlugin
2024-04-18 18:11:55,324 [INFO] PluginManager:220 - loadIPPluginJar : add tracer_emb
2024-04-18 18:11:55,343 [INFO] IPUIPlugin:80 - create IPUIPlugin
2024-04-18 18:11:55,343 [INFO] PluginManager:220 - loadIPPluginJar : add ts
2024-04-18 18:11:55,361 [INFO] IPUIPlugin:80 - create IPUIPlugin
2024-04-18 18:11:55,361 [INFO] PluginManager:220 - loadIPPluginJar : add tsc
2024-04-18 18:11:55,376 [INFO] IPUIPlugin:80 - create IPUIPlugin
2024-04-18 18:11:55,376 [INFO] PluginManager:220 - loadIPPluginJar : add ucpd
2024-04-18 18:11:55,407 [INFO] IPUIPlugin:80 - create IPUIPlugin
2024-04-18 18:11:55,407 [INFO] PluginManager:220 - loadIPPluginJar : add usart
2024-04-18 18:11:55,439 [INFO] IPUIPlugin:80 - create IPUIPlugin
2024-04-18 18:11:55,439 [INFO] PluginManager:220 - loadIPPluginJar : add usbx
2024-04-18 18:11:55,565 [INFO] CADModel:165 - CPN selected for project level
2024-04-18 18:11:55,566 [INFO] CADModel:114 - Register for checkConnection events
2024-04-18 18:11:55,566 [FATAL] Updater:308 - Updater called before beeing initialized
2024-04-18 18:11:55,566 [ERROR] CADModel:125 - Updater not yet initialized, retry later 
2024-04-18 18:11:55,691 [INFO] CADModel:165 - CPN selected for project level
2024-04-18 18:11:55,691 [INFO] CADModel:114 - Register for checkConnection events
2024-04-18 18:11:55,691 [FATAL] Updater:308 - Updater called before beeing initialized
2024-04-18 18:11:55,691 [ERROR] CADModel:125 - Updater not yet initialized, retry later 
2024-04-18 18:11:55,694 [FATAL] Updater:308 - Updater called before beeing initialized
2024-04-18 18:11:55,791 [FATAL] Updater:308 - Updater called before beeing initialized
2024-04-18 18:11:55,798 [INFO] DbMcusAds:53 - JSON generation date=Wed Nov 29 04:52:27 CST 2023 (1701255147349)
2024-04-18 18:11:55,798 [FATAL] Updater:308 - Updater called before beeing initialized
2024-04-18 18:11:55,869 [WARN] DetailPanel:346 - Failed to get advertising image, set to default
2024-04-18 18:11:55,953 [FATAL] Updater:308 - Updater called before beeing initialized
2024-04-18 18:11:55,955 [FATAL] Updater:308 - Updater called before beeing initialized
2024-04-18 18:11:55,955 [FATAL] Updater:308 - Updater called before beeing initialized
2024-04-18 18:11:55,955 [WARN] DetailPanel:346 - Failed to get advertising image, set to default
2024-04-18 18:11:55,956 [FATAL] Updater:308 - Updater called before beeing initialized
2024-04-18 18:11:56,040 [ERROR] Updater:1120 - MainUpdater not yet initialized. External WinMGr cannot be set.
2024-04-18 18:11:56,050 [INFO] Updater:1056 - Updater Version found : 6.11.0
2024-04-18 18:11:56,077 [INFO] ApplicationProperties:184 - Using Application install path: C:\ST\STM32CubeIDE_1.15.0\STM32CubeIDE\plugins\com.st.stm32cube.common.mx_6.11.0.202403141607
2024-04-18 18:11:56,609 [INFO] ThirdPartyUpdaterWithRetryManager:70 - Updater plugin not ready yet. [2/15]
2024-04-18 18:11:57,651 [ERROR] LogOutputStream:75 - [STDERR_REDIRECT] Apr 18, 2024 6:11:57 PM java.util.prefs.WindowsPreferences <init>
2024-04-18 18:11:57,653 [ERROR] LogOutputStream:75 - [STDERR_REDIRECT] WARNING: Could not open/create prefs root node Software\JavaSoft\Prefs at root 0xffffffff80000002. Windows RegCreateKeyEx(...) returned error code 5.
2024-04-18 18:11:57,654 [ERROR] LogOutputStream:75 - [STDERR_REDIRECT] 
2024-04-18 18:11:57,938 [INFO] MainUpdater:2873 - connection check result : 10
2024-04-18 18:11:57,938 [INFO] MainUpdater:3567 - Updater definition file requires update
2024-04-18 18:11:57,939 [INFO] MainUpdater:290 - Updater Check For Update Now.
2024-04-18 18:11:57,939 [INFO] MicroXplorer:498 - Change Database Version : DB.6.0.110
2024-04-18 18:11:57,951 [INFO] McuFinderGlobals:63 - Set McuFinder mode to 2 (CubeIDE integrated)
2024-04-18 18:11:57,962 [INFO] UserAuth:415 - Internet connection configuration mode: 1
2024-04-18 18:11:57,968 [INFO] ServerAccessManage:473 - Download File updaters.zip
2024-04-18 18:11:57,984 [INFO] JxBrowserEngine:152 - Initiate JxBrowser Engine with user profile folder
2024-04-18 18:11:58,024 [INFO] FileExtend:240 - Unzip File : updaters.zip
2024-04-18 18:11:58,024 [INFO] FileExtend:255 - Standard Zip Deflate
2024-04-18 18:11:58,460 [INFO] ServerAccessManage:473 - Download File PacksControlFlags.xml
2024-04-18 18:11:58,556 [INFO] ServerAccessManage:473 - Download File cubemx.pidx
2024-04-18 18:11:58,888 [INFO] ServerAccessManage:473 - Download File STMicroelectronics.FP-SNS-MOTENVWB1.pdsc
2024-04-18 18:11:59,343 [INFO] ServerAccessManage:473 - Download File STMicroelectronics.X-CUBE-AI.pdsc
2024-04-18 18:11:59,610 [WARN] MainUpdater:1194 - Updater busy. Cannot search thirdparties
2024-04-18 18:11:59,610 [INFO] ThirdPartyUpdaterWithRetryManager:96 - Updater plugin is busy. [1/15]
2024-04-18 18:12:00,372 [INFO] ServerAccessManage:473 - Download File STMicroelectronics.X-CUBE-TCPP.pdsc
2024-04-18 18:12:00,576 [INFO] ServerAccessManage:473 - Download File STMicroelectronics.X-CUBE-AZRTOS-H7RS.pdsc
2024-04-18 18:12:01,075 [WARN] PackLoader:240 - Cannot read IP mode file for STMicroelectronics.FP-SNS-MOTENVWB1.1.4.0
2024-04-18 18:12:01,084 [WARN] PackLoader:240 - Cannot read IP mode file for STMicroelectronics.X-CUBE-AI.9.0.0
2024-04-18 18:12:01,094 [WARN] PackLoader:240 - Cannot read IP mode file for STMicroelectronics.X-CUBE-TCPP.4.1.0
2024-04-18 18:12:01,126 [WARN] PackLoader:240 - Cannot read IP mode file for STMicroelectronics.X-CUBE-AZRTOS-H7RS.1.0.0
2024-04-18 18:12:01,131 [INFO] PopulateThirdPartyThread:66 - Ending populate Thread
2024-04-18 18:12:01,134 [INFO] ThirdParty:1030 - CMSIS Pack Vendor :STMicroelectronics FP-SNS-MOTENVWB1 1.4.0
2024-04-18 18:12:01,134 [INFO] ThirdParty:1030 - CMSIS Pack Vendor :STMicroelectronics X-CUBE-AI 9.0.0
2024-04-18 18:12:01,134 [INFO] ThirdParty:1030 - CMSIS Pack Vendor :STMicroelectronics X-CUBE-TCPP 4.1.0
2024-04-18 18:12:01,134 [INFO] ThirdParty:1030 - CMSIS Pack Vendor :STMicroelectronics X-CUBE-AZRTOS-H7RS 1.0.0
2024-04-18 18:12:01,134 [INFO] LoadServerUpdatesThread:375 - End of LoadServerUpdate Thread
2024-04-18 18:12:01,157 [INFO] CheckServerUpdateThread:120 - End of CheckServer Thread
2024-04-18 18:12:02,806 [WARN] PackLoader:240 - Cannot read IP mode file for STMicroelectronics.FP-SNS-MOTENVWB1.1.4.0
2024-04-18 18:12:02,818 [WARN] PackLoader:240 - Cannot read IP mode file for STMicroelectronics.X-CUBE-SMBUS.2.1.0
2024-04-18 18:12:02,830 [WARN] PackLoader:240 - Cannot read IP mode file for STMicroelectronics.X-CUBE-TOUCHGFX.4.23.2
2024-04-18 18:12:02,856 [WARN] PackLoader:240 - Cannot read IP mode file for STMicroelectronics.X-CUBE-AZRTOS-F7.1.1.0
2024-04-18 18:12:02,865 [WARN] PackLoader:240 - Cannot read IP mode file for STMicroelectronics.FP-SNS-FLIGHT1.5.0.2
2024-04-18 18:12:02,880 [WARN] PackLoader:240 - Cannot read IP mode file for STMicroelectronics.X-CUBE-DISPLAY.3.0.0
2024-04-18 18:12:02,891 [INFO] WebApp:161 - Instantiating new browser for Auth
2024-04-18 18:12:02,895 [WARN] PackLoader:240 - Cannot read IP mode file for STMicroelectronics.X-CUBE-BLE1.7.0.0
2024-04-18 18:12:02,918 [WARN] PackLoader:240 - Cannot read IP mode file for emotas.I-CUBE-CANOPEN.1.3.0
2024-04-18 18:12:02,969 [WARN] PackLoader:240 - Cannot read IP mode file for STMicroelectronics.X-CUBE-BLEMGR.3.1.0
2024-04-18 18:12:02,992 [WARN] PackLoader:240 - Cannot read IP mode file for STMicroelectronics.FP-SNS-SMARTAG2.1.2.0
2024-04-18 18:12:03,027 [INFO] LogOutputStream:77 - [STDOUT_REDIRECT] 1 : Invalid condition id : UX_CORESTACK_Condition cause : null
2024-04-18 18:12:03,028 [INFO] LogOutputStream:77 - [STDOUT_REDIRECT] 1 : Invalid condition id : UX_CORESTACK_Condition cause : null
2024-04-18 18:12:03,029 [INFO] LogOutputStream:77 - [STDOUT_REDIRECT] 1 : Invalid condition id : UX_CORESTACK_Condition cause : null
2024-04-18 18:12:03,030 [INFO] LogOutputStream:77 - [STDOUT_REDIRECT] 1 : Invalid condition id : UX_CORESTACK_Condition cause : null
2024-04-18 18:12:03,031 [INFO] LogOutputStream:77 - [STDOUT_REDIRECT] 1 : Invalid condition id : UX_CORESTACK_Condition cause : null
2024-04-18 18:12:03,034 [WARN] PackLoader:240 - Cannot read IP mode file for STMicroelectronics.X-CUBE-AZRTOS-WL.2.0.0
2024-04-18 18:12:03,052 [WARN] PackLoader:240 - Cannot read IP mode file for STMicroelectronics.FP-SNS-MOTENV1.5.0.0
2024-04-18 18:12:03,068 [WARN] PackLoader:240 - Cannot read IP mode file for WES.I-CUBE-Cesium.1.3.0
2024-04-18 18:12:03,079 [WARN] PackLoader:240 - Cannot read IP mode file for STMicroelectronics.X-CUBE-BLE2.3.3.0
2024-04-18 18:12:03,083 [WARN] PackLoader:240 - Cannot read IP mode file for STMicroelectronics.X-CUBE-TCPP.4.1.0
2024-04-18 18:12:03,095 [WARN] PackLoader:240 - Cannot read IP mode file for STMicroelectronics.X-CUBE-ALGOBUILD.1.3.0
2024-04-18 18:12:03,122 [WARN] PackLoader:240 - Cannot read IP mode file for STMicroelectronics.X-CUBE-AZRTOS-G0.1.1.0
2024-04-18 18:12:03,137 [WARN] PackLoader:240 - Cannot read IP mode file for STMicroelectronics.X-CUBE-SAFEA1.1.2.2
2024-04-18 18:12:03,151 [WARN] PackLoader:240 - Cannot read IP mode file for STMicroelectronics.X-CUBE-NFC4.3.0.0
2024-04-18 18:12:03,163 [WARN] PackLoader:240 - Cannot read IP mode file for wolfSSL.I-CUBE-wolfSSL.5.7.0
2024-04-18 18:12:03,167 [WARN] PackLoader:240 - Cannot read IP mode file for STMicroelectronics.FP-ATR-SIGFOX1.3.2.0
2024-04-18 18:12:03,181 [WARN] PackLoader:240 - Cannot read IP mode file for STMicroelectronics.X-CUBE-EEPRMA1.5.1.0
2024-04-18 18:12:03,197 [WARN] PackLoader:240 - Cannot read IP mode file for ITTIA_DB.I-CUBE-ITTIADB.8.9.0
2024-04-18 18:12:03,236 [WARN] PackLoader:240 - Cannot read IP mode file for SEGGER.I-CUBE-embOS.1.3.1
2024-04-18 18:12:03,281 [WARN] PackLoader:240 - Cannot read IP mode file for STMicroelectronics.X-CUBE-GNSS1.6.0.0
2024-04-18 18:12:03,304 [WARN] PackLoader:240 - Cannot read IP mode file for STMicroelectronics.X-CUBE-AZRTOS-F4.1.1.0
2024-04-18 18:12:03,332 [WARN] PackLoader:240 - Cannot read IP mode file for STMicroelectronics.X-CUBE-AZRTOS-L5.2.0.0
2024-04-18 18:12:03,362 [WARN] PackLoader:240 - Cannot read IP mode file for STMicroelectronics.X-CUBE-NFC6.3.1.0
2024-04-18 18:12:03,369 [WARN] PackLoader:240 - Cannot read IP mode file for STMicroelectronics.X-CUBE-AI.9.0.0
2024-04-18 18:12:03,384 [WARN] PackLoader:240 - Cannot read IP mode file for STMicroelectronics.X-CUBE-NFC7.1.0.1
2024-04-18 18:12:03,396 [WARN] PackLoader:240 - Cannot read IP mode file for STMicroelectronics.X-CUBE-AI.8.1.0
2024-04-18 18:12:03,421 [WARN] ConditionMgr:438 - getConditionDescription Invalid condition id : LAN8742 Phy interface Condition cause : null
2024-04-18 18:12:03,423 [WARN] PackLoader:240 - Cannot read IP mode file for STMicroelectronics.X-CUBE-AZRTOS-L4.2.0.0
2024-04-18 18:12:03,424 [WARN] ConditionMgr:1039 - genDependencies : Invalid condition id : LAN8742 Phy interface Condition cause : null
2024-04-18 18:12:03,424 [WARN] ConditionMgr:1039 - genDependencies : Invalid condition id : LAN8742 Phy interface Condition cause : null
2024-04-18 18:12:03,424 [WARN] ConditionMgr:1039 - genDependencies : Invalid condition id : LAN8742 Phy interface Condition cause : null
2024-04-18 18:12:03,437 [WARN] PackLoader:240 - Cannot read IP mode file for STMicroelectronics.X-CUBE-SFXS2LP1.4.0.0
2024-04-18 18:12:03,457 [WARN] ConditionMgr:438 - getConditionDescription Invalid condition id : UX DEVICE CLASS RTOS Condition cause : null
2024-04-18 18:12:03,457 [WARN] ConditionMgr:438 - getConditionDescription Invalid condition id : UX DEVICE CLASS RTOS Condition cause : null
2024-04-18 18:12:03,458 [WARN] PackLoader:240 - Cannot read IP mode file for STMicroelectronics.X-CUBE-AZRTOS-WB.2.0.0
2024-04-18 18:12:03,458 [WARN] ConditionMgr:1039 - genDependencies : Invalid condition id : UX DEVICE CLASS RTOS Condition cause : null
2024-04-18 18:12:03,460 [WARN] ConditionMgr:1039 - genDependencies : Invalid condition id : UX DEVICE CLASS RTOS Condition cause : null
2024-04-18 18:12:03,460 [WARN] ConditionMgr:1039 - genDependencies : Invalid condition id : UX DEVICE CLASS RTOS Condition cause : null
2024-04-18 18:12:03,460 [WARN] ConditionMgr:1039 - genDependencies : Invalid condition id : UX DEVICE CLASS RTOS Condition cause : null
2024-04-18 18:12:03,460 [WARN] ConditionMgr:1039 - genDependencies : Invalid condition id : UX DEVICE CLASS RTOS Condition cause : null
2024-04-18 18:12:03,476 [WARN] PackLoader:240 - Cannot read IP mode file for STMicroelectronics.X-CUBE-SUBG2.5.0.0
2024-04-18 18:12:03,513 [WARN] PackLoader:240 - Cannot read IP mode file for STMicroelectronics.X-CUBE-AZRTOS-G4.2.0.0
2024-04-18 18:12:03,521 [WARN] PackLoader:240 - Cannot read IP mode file for STMicroelectronics.FP-SNS-MOTENVWB1.1.3.1
2024-04-18 18:12:03,538 [WARN] PackLoader:240 - Cannot read IP mode file for STMicroelectronics.X-CUBE-ISPU.2.0.0
2024-04-18 18:12:03,599 [WARN] PackLoader:240 - Cannot read IP mode file for STMicroelectronics.X-CUBE-MEMS1.10.0.0
2024-04-18 18:12:03,708 [WARN] PackLoader:240 - Cannot read IP mode file for STMicroelectronics.X-CUBE-FREERTOS.1.1.0
2024-04-18 18:12:03,725 [WARN] PackLoader:240 - Cannot read IP mode file for portGmbH.I-Cube-SoM-uGOAL.1.1.0
2024-04-18 18:12:03,738 [WARN] PackLoader:240 - Cannot read IP mode file for STMicroelectronics.X-CUBE-ALS.1.0.1
2024-04-18 18:12:03,753 [WARN] PackLoader:240 - Cannot read IP mode file for STMicroelectronics.X-CUBE-AZRTOS-H7RS.1.0.0
2024-04-18 18:12:03,759 [WARN] PackLoader:240 - Cannot read IP mode file for STMicroelectronics.FP-ATR-ASTRA1.2.0.0
2024-04-18 18:12:03,777 [WARN] PackLoader:240 - Cannot read IP mode file for STMicroelectronics.X-CUBE-TOF1.3.4.1
2024-04-18 18:12:03,815 [WARN] PackLoader:240 - Cannot read IP mode file for STMicroelectronics.X-CUBE-AZRTOS-H7.3.2.0
2024-04-18 18:12:03,836 [WARN] PackLoader:240 - Cannot read IP mode file for Infineon.AIROC-Wi-Fi-Bluetooth-STM32.1.6.0
2024-04-18 18:12:03,842 [INFO] ThirdParty:978 - Integrity check success = true
2024-04-18 18:12:03,842 [INFO] IntegrityCheckThread:100 - exiting critical section [integrity check]
2024-04-18 18:12:03,842 [INFO] IntegrityCheckThread:103 - End integrity checks thread
2024-04-18 18:12:04,008 [INFO] WebApp:779 - Register for checkConnection events
2024-04-18 18:12:04,008 [INFO] WebApp:414 - Apply proxy settings
2024-04-18 18:12:04,009 [INFO] WebApp:499 - Chromium requires no authentication
2024-04-18 18:12:04,023 [INFO] WebApp:442 - Direct internet connection detected
2024-04-18 18:12:04,198 [INFO] WebApp:192 - Starting web application
2024-04-18 18:12:04,198 [INFO] WebApp:544 - Web application path used C:\ST\STM32CubeIDE_1.15.0\STM32CubeIDE\plugins\com.st.stm32cube.common.mx_6.11.0.202403141607\db\plugins\mcufinder\reactClient1\index.html
2024-04-18 18:17:59,880 [INFO] McuFinderGlobals:63 - Set McuFinder mode to 2 (CubeIDE integrated)
2024-04-18 18:17:59,905 [INFO] MainUpdater:2873 - connection check result : 10
2024-04-18 18:17:59,911 [INFO] MainUpdater:2873 - connection check result : 10
2024-04-18 18:18:00,072 [INFO] MicroXplorer:468 - Change Database Path : 
2024-04-18 18:18:00,072 [INFO] MicroXplorer:498 - Change Database Version : DB.6.0.110
2024-04-18 18:18:00,080 [WARN] ThirdParty:871 - waiting for thirdparty lock release [close project]
2024-04-18 18:18:00,080 [INFO] ThirdParty:873 - entering critical section [close project]
2024-04-18 18:18:00,081 [INFO] ThirdParty:883 - exiting critical section [close project]
2024-04-18 18:18:00,082 [INFO] PinOutPanel:1561 - setPackage(No Configuration,No Configuration)
2024-04-18 18:18:00,085 [INFO] UtilMem:75 - Begin LoadConfig() Used Memory: 662542128 Bytes (932184064)
2024-04-18 18:18:00,087 [INFO] MicroXplorer:468 - Change Database Path : 
2024-04-18 18:18:00,088 [INFO] MicroXplorer:498 - Change Database Version : DB.6.0.110
2024-04-18 18:18:00,088 [INFO] OpenFileManager:312 - Change cursor
2024-04-18 18:18:00,119 [INFO] Mcu:2021 - Initializing MCU STM32F401R(B-C)Tx STM32F401RCTx STM32F401RCT6TR
2024-04-18 18:18:01,423 [INFO] Context:663 - Trying to add GPIOservice into a context  which must be forbidden
2024-04-18 18:18:01,955 [INFO] RtosManager:555 - Registered RTOS mode: class=CMSIS, group=RTOS, mode=CMSIS_V1, owner=FREERTOS
2024-04-18 18:18:01,955 [INFO] RtosManager:555 - Registered RTOS mode: class=CMSIS, group=RTOS2, mode=CMSIS_V2, owner=FREERTOS
2024-04-18 18:18:01,955 [INFO] RtosManager:555 - Registered RTOS mode: class=RTOS, group=Core, mode=CMSIS_V1, owner=FREERTOS
2024-04-18 18:18:01,955 [INFO] RtosManager:555 - Registered RTOS mode: class=RTOS, group=Core, mode=CMSIS_V2, owner=FREERTOS
2024-04-18 18:18:01,955 [WARN] ModelIntegratedComponent:184 - Missing modes for component STMicroelectronics:FreeRTOS:0.0.1:STMicroelectronics:RTOS:FreeRTOS:Core:::10.2.0:
2024-04-18 18:18:01,969 [WARN] ModelIntegratedComponent:182 - Modes not found for component STMicroelectronics:USB_HOST:1.0.0:STMicroelectronics:USB::USB Host:Audio HS::1.0:USB_HOST_1_0_RESTRICTED_HS
2024-04-18 18:18:01,969 [WARN] ModelIntegratedComponent:188 - Modes not found for component STMicroelectronics:USB_HOST:1.0.0:STMicroelectronics:USB::USB Host:Audio HS::1.0:USB_HOST_1_0_RESTRICTED_HS
2024-04-18 18:18:01,969 [WARN] ModelIntegratedComponent:182 - Modes not found for component STMicroelectronics:USB_HOST:1.0.0:STMicroelectronics:USB::USB Host:CDC HS::1.0:USB_HOST_1_0_RESTRICTED_HS
2024-04-18 18:18:01,969 [WARN] ModelIntegratedComponent:188 - Modes not found for component STMicroelectronics:USB_HOST:1.0.0:STMicroelectronics:USB::USB Host:CDC HS::1.0:USB_HOST_1_0_RESTRICTED_HS
2024-04-18 18:18:01,969 [WARN] ModelIntegratedComponent:182 - Modes not found for component STMicroelectronics:USB_HOST:1.0.0:STMicroelectronics:USB::USB Host:MSC HS::1.0:USB_HOST_1_0_RESTRICTED_HS
2024-04-18 18:18:01,969 [WARN] ModelIntegratedComponent:188 - Modes not found for component STMicroelectronics:USB_HOST:1.0.0:STMicroelectronics:USB::USB Host:MSC HS::1.0:USB_HOST_1_0_RESTRICTED_HS
2024-04-18 18:18:01,969 [WARN] ModelIntegratedComponent:182 - Modes not found for component STMicroelectronics:USB_HOST:1.0.0:STMicroelectronics:USB::USB Host:HID HS::1.0:USB_HOST_1_0_RESTRICTED_HS
2024-04-18 18:18:01,969 [WARN] ModelIntegratedComponent:188 - Modes not found for component STMicroelectronics:USB_HOST:1.0.0:STMicroelectronics:USB::USB Host:HID HS::1.0:USB_HOST_1_0_RESTRICTED_HS
2024-04-18 18:18:01,969 [WARN] ModelIntegratedComponent:182 - Modes not found for component STMicroelectronics:USB_HOST:1.0.0:STMicroelectronics:USB::USB Host:MTP HS::1.0:USB_HOST_1_0_RESTRICTED_HS
2024-04-18 18:18:01,969 [WARN] ModelIntegratedComponent:188 - Modes not found for component STMicroelectronics:USB_HOST:1.0.0:STMicroelectronics:USB::USB Host:MTP HS::1.0:USB_HOST_1_0_RESTRICTED_HS
2024-04-18 18:18:01,979 [WARN] ModelIntegratedComponent:63 - No mode defined for component null
2024-04-18 18:18:01,981 [WARN] ModelIntegratedComponent:63 - No mode defined for component null
2024-04-18 18:18:01,981 [WARN] ModelIntegratedComponent:63 - No mode defined for component null
2024-04-18 18:18:01,981 [WARN] ModelIntegratedComponent:63 - No mode defined for component null
2024-04-18 18:18:01,981 [WARN] ModelIntegratedComponent:63 - No mode defined for component null
2024-04-18 18:18:01,981 [WARN] ModelIntegratedComponent:63 - No mode defined for component null
2024-04-18 18:18:01,981 [WARN] ModelIntegratedComponent:63 - No mode defined for component null
2024-04-18 18:18:01,981 [WARN] ModelIntegratedComponent:63 - No mode defined for component null
2024-04-18 18:18:01,981 [WARN] ModelIntegratedComponent:63 - No mode defined for component null
2024-04-18 18:18:01,981 [WARN] ModelIntegratedComponent:63 - No mode defined for component null
2024-04-18 18:18:01,981 [WARN] ModelIntegratedComponent:63 - No mode defined for component null
2024-04-18 18:18:01,981 [WARN] ModelIntegratedComponent:63 - No mode defined for component null
2024-04-18 18:18:01,981 [WARN] ModelIntegratedComponent:63 - No mode defined for component null
2024-04-18 18:18:01,981 [WARN] ModelIntegratedComponent:63 - No mode defined for component null
2024-04-18 18:18:01,981 [WARN] ModelIntegratedComponent:63 - No mode defined for component null
2024-04-18 18:18:01,981 [WARN] ModelIntegratedComponent:63 - No mode defined for component null
2024-04-18 18:18:01,981 [WARN] ModelIntegratedComponent:63 - No mode defined for component null
2024-04-18 18:18:01,981 [WARN] ModelIntegratedComponent:63 - No mode defined for component null
2024-04-18 18:18:01,982 [WARN] ModelIntegratedComponent:63 - No mode defined for component null
2024-04-18 18:18:01,982 [WARN] ModelIntegratedComponent:63 - No mode defined for component null
2024-04-18 18:18:01,982 [WARN] ModelIntegratedComponent:63 - No mode defined for component null
2024-04-18 18:18:01,982 [WARN] ModelIntegratedComponent:63 - No mode defined for component null
2024-04-18 18:18:01,982 [WARN] ModelIntegratedComponent:63 - No mode defined for component null
2024-04-18 18:18:01,982 [WARN] ModelIntegratedComponent:63 - No mode defined for component null
2024-04-18 18:18:01,982 [WARN] ModelIntegratedComponent:63 - No mode defined for component null
2024-04-18 18:18:01,982 [WARN] ModelIntegratedComponent:63 - No mode defined for component null
2024-04-18 18:18:01,982 [WARN] ModelIntegratedComponent:63 - No mode defined for component null
2024-04-18 18:18:01,982 [WARN] ModelIntegratedComponent:63 - No mode defined for component null
2024-04-18 18:18:01,982 [WARN] ModelIntegratedComponent:63 - No mode defined for component null
2024-04-18 18:18:01,982 [WARN] ModelIntegratedComponent:63 - No mode defined for component null
2024-04-18 18:18:01,982 [WARN] ModelIntegratedComponent:63 - No mode defined for component null
2024-04-18 18:18:01,982 [WARN] ModelIntegratedComponent:63 - No mode defined for component null
2024-04-18 18:18:01,983 [WARN] ModelIntegratedComponent:63 - No mode defined for component null
2024-04-18 18:18:01,983 [WARN] ModelIntegratedComponent:63 - No mode defined for component null
2024-04-18 18:18:02,076 [WARN] ModelIntegratedComponent:182 - Modes not found for component STMicroelectronics:USB_DEVICE:1.0.0:STMicroelectronics:USB::USB Device:Audio HS::1.0:USB_DEVICE_1_0_RESTRICTED_HS
2024-04-18 18:18:02,076 [WARN] ModelIntegratedComponent:188 - Modes not found for component STMicroelectronics:USB_DEVICE:1.0.0:STMicroelectronics:USB::USB Device:Audio HS::1.0:USB_DEVICE_1_0_RESTRICTED_HS
2024-04-18 18:18:02,076 [WARN] ModelIntegratedComponent:182 - Modes not found for component STMicroelectronics:USB_DEVICE:1.0.0:STMicroelectronics:USB::USB Device:CDC HS::1.0:USB_DEVICE_1_0_RESTRICTED_HS
2024-04-18 18:18:02,076 [WARN] ModelIntegratedComponent:188 - Modes not found for component STMicroelectronics:USB_DEVICE:1.0.0:STMicroelectronics:USB::USB Device:CDC HS::1.0:USB_DEVICE_1_0_RESTRICTED_HS
2024-04-18 18:18:02,076 [WARN] ModelIntegratedComponent:182 - Modes not found for component STMicroelectronics:USB_DEVICE:1.0.0:STMicroelectronics:USB::USB Device:DFU HS::1.0:USB_DEVICE_1_0_RESTRICTED_HS
2024-04-18 18:18:02,076 [WARN] ModelIntegratedComponent:188 - Modes not found for component STMicroelectronics:USB_DEVICE:1.0.0:STMicroelectronics:USB::USB Device:DFU HS::1.0:USB_DEVICE_1_0_RESTRICTED_HS
2024-04-18 18:18:02,077 [WARN] ModelIntegratedComponent:182 - Modes not found for component STMicroelectronics:USB_DEVICE:1.0.0:STMicroelectronics:USB::USB Device:HID HS::1.0:USB_DEVICE_1_0_RESTRICTED_HS
2024-04-18 18:18:02,077 [WARN] ModelIntegratedComponent:188 - Modes not found for component STMicroelectronics:USB_DEVICE:1.0.0:STMicroelectronics:USB::USB Device:HID HS::1.0:USB_DEVICE_1_0_RESTRICTED_HS
2024-04-18 18:18:02,077 [WARN] ModelIntegratedComponent:182 - Modes not found for component STMicroelectronics:USB_DEVICE:1.0.0:STMicroelectronics:USB::USB Device:Custom HID HS::1.0:USB_DEVICE_1_0_RESTRICTED_HS
2024-04-18 18:18:02,077 [WARN] ModelIntegratedComponent:188 - Modes not found for component STMicroelectronics:USB_DEVICE:1.0.0:STMicroelectronics:USB::USB Device:Custom HID HS::1.0:USB_DEVICE_1_0_RESTRICTED_HS
2024-04-18 18:18:02,077 [WARN] ModelIntegratedComponent:182 - Modes not found for component STMicroelectronics:USB_DEVICE:1.0.0:STMicroelectronics:USB::USB Device:MSC HS::1.0:USB_DEVICE_1_0_RESTRICTED_HS
2024-04-18 18:18:02,077 [WARN] ModelIntegratedComponent:188 - Modes not found for component STMicroelectronics:USB_DEVICE:1.0.0:STMicroelectronics:USB::USB Device:MSC HS::1.0:USB_DEVICE_1_0_RESTRICTED_HS
2024-04-18 18:18:02,096 [INFO] ThirdPartyModel:298 - Start build external matchings
2024-04-18 18:18:02,447 [INFO] ThirdPartyModel:316 - End build external matchings
2024-04-18 18:18:02,464 [INFO] ImportTextPane:194 - (OptionalMessage_ERROR) IP (RCC) : Parameter (RTCHSEDivFreq_Value) has invalid value (6000000)
2024-04-18 18:18:02,728 [INFO] ApiDb:581 - Connected to CubeFinder SQLite database (C:\Users\miles\.stmcufinder\plugins\mcufinder\mcu\cube-finder-db.db)
2024-04-18 18:18:02,803 [INFO] ApiDb:668 - CubeFinder database Data Model version=2.1
2024-04-18 18:18:02,803 [INFO] ApiDb:669 - CubeFinder database Configuration version=3.0.39
2024-04-18 18:18:02,804 [INFO] ApiDb:670 - CubeFinder database generation date=2024-03-25 (1711369621)
2024-04-18 18:18:02,804 [INFO] ApiDb:671 - CubeFinder database FW Pack versions=[FP-ATR-ASTRA1_V2.0.0, FP-SNS-FLIGHT1_V5.0.1, FP-SNS-FLIGHT1_V5.0.2, FP-SNS-MOTENV1_V4.3.1, FP-SNS-MOTENV1_V4.3.2, FP-SNS-MOTENVWB1_V1.3.1, FP-SNS-SMARTAG2_V1.2.0, STM32Cube_FW_C0_V1.1.0, STM32Cube_FW_F4_V1.28.0, STM32Cube_FW_F7_V1.17.0, STM32Cube_FW_G0_V1.6.2, STM32Cube_FW_G4_V1.5.2, STM32Cube_FW_H5_V0.5.1, STM32Cube_FW_H5_V1.1.1, STM32Cube_FW_H5_V1.2.0, STM32Cube_FW_H5_V1.2.0RC4, STM32Cube_FW_H7RS_V1.0.0, STM32Cube_FW_H7RS_V1.0.0RC4, STM32Cube_FW_H7_V1.11.0, STM32Cube_FW_L0_V1.12.2, STM32Cube_FW_L5_V1.5.1, STM32Cube_FW_U0_V1.0.0, STM32Cube_FW_U0_V1.0.0RC1, STM32Cube_FW_U5_V1.3.0RC4, STM32Cube_FW_U5_V1.5.0, STM32Cube_FW_U5_V1.5.0RC1, STM32Cube_FW_WBA_V1.0.0RC1, STM32Cube_FW_WBA_V1.2.0, STM32Cube_FW_WBA_V1.2.0RC2, STM32Cube_FW_WBA_V1.3.0, STM32Cube_FW_WBA_V1.3.0RC1, STM32Cube_FW_WB_V1.15.0RC1, STM32Cube_FW_WB_V1.16.0, STM32Cube_FW_WB_V1.16.0RC2, STM32Cube_FW_WB_V1.18.0, STM32Cube_FW_WB_V1.19.0, STM32Cube_FW_WL_V1.3.0, X-CUBE-ALGOBUILD_V1.3.0, X-CUBE-ALS_V1.0.1, X-CUBE-AZRTOS-F4_V1.1.0, X-CUBE-AZRTOS-F7_V1.1.0, X-CUBE-AZRTOS-G0_V1.1.0, X-CUBE-AZRTOS-G4_V2.0.0, X-CUBE-AZRTOS-H7_V3.2.0, X-CUBE-AZRTOS-L4_V1.0.0, X-CUBE-AZRTOS-L4_V2.0.0, X-CUBE-AZRTOS-L5_V1.1.0, X-CUBE-AZRTOS-WB_V2.0.0, X-CUBE-AZRTOS-WL_V2.0.0, X-CUBE-BLE1_V7.0.0, X-CUBE-BLE2_V3.3.0, X-CUBE-BLEMGR_V3.1.0, X-CUBE-EEPRMA1_V4.1.0, X-CUBE-EEPRMA1_V5.1.0, X-CUBE-FREERTOS_V1.1.0, X-CUBE-GNSS1_V6.0.0, X-CUBE-MEMS1_V10.0.0, X-CUBE-MEMS1_V9.1.0, X-CUBE-MEMS1_V9.4.0, X-CUBE-MEMS1_V9.6.0, X-CUBE-NFC4_V3.0.0, X-CUBE-NFC7_V1.0.1, X-CUBE-SFXS2LP1_V4.0.0, X-CUBE-SUBG2_V5.0.0, X-CUBE-TOF1_V3.4.0]
2024-04-18 18:18:02,921 [INFO] DbBoardsSqlite:226 - include board P-NUCLEO-WB55-NUCLEO as a kit item of type 'Nucleo-64'
2024-04-18 18:18:02,921 [INFO] DbBoardsSqlite:226 - include board P-NUCLEO-WB55-USBDONGLE as a kit item of type 'Nucleo USB Dongle'
2024-04-18 18:18:02,922 [INFO] DbBoardsSqlite:226 - include board STEVAL-IDP005V1 as a kit item of type 'Evaluation Board'
2024-04-18 18:18:02,922 [INFO] DbBoardsSqlite:226 - include board STEVAL-IDP005V2 as a kit item of type 'Evaluation Board'
2024-04-18 18:18:03,291 [INFO] ApiDb:240 - Found 483 in-development CPN: [B-G473E-ZEST1S, B-WB1M-WPAN1, B-WL5M-SUBG1, NUCLEO-C031C6, NUCLEO-H503RB, NUCLEO-H533RE, NUCLEO-H563ZI, NUCLEO-H7S3L8, NUCLEO-U031R8, NUCLEO-U083RC, NUCLEO-U545RE-Q, NUCLEO-U5A5ZJ-Q, NUCLEO-WBA52CG, NUCLEO-WBA55CG, STEVAL-PROTEUS1, STEVAL-SMARTAG2, STEVAL-STWINBX1, STM320518-EVAL, STM32C0116-DK, STM32C011D6Y3TR, STM32C011D6Y6TR, STM32C011F4P3, STM32C011F4P6, STM32C011F4U3, STM32C011F4U6TR, STM32C011F6P3, STM32C011F6P6, STM32C011F6U3, STM32C011F6U6TR, STM32C011J4M3, STM32C011J4M6, STM32C011J6M3, STM32C011J6M6, STM32C0316-DK, STM32C031C4T3, STM32C031C4T6, STM32C031C4U3, STM32C031C4U6, STM32C031C6T3, STM32C031C6T6, STM32C031C6U3, STM32C031C6U6, STM32C031F4P3, STM32C031F4P6, STM32C031F6P3, STM32C031F6P6, STM32C031G4U3, STM32C031G4U6, STM32C031G6U3, STM32C031G6U6, STM32C031K4T3, STM32C031K4T6, STM32C031K4U3, STM32C031K4U6, STM32C031K6T3, STM32C031K6T6, STM32C031K6U3, STM32C031K6U6, STM32G071K8TXN, STM32G071K8UXN, STM32G081GBU6N, STM32G081KBT6N, STM32G081KBUXN, STM32G0B1CCT6N, STM32G0B1KCT6, STM32G0B1NEY6TR, STM32G0B1RCT6N, STM32G0C1CCT6, STM32G0C1CCT6N, STM32G0C1CCU6N, STM32G0C1CET6N, STM32G0C1CEU6N, STM32G0C1KCT6, STM32G0C1NEY6TR, STM32G0C1RCI6N, STM32G0C1RCT6N, STM32G0C1REI6N, STM32G0C1RET6N, STM32G0C1VCI6, STM32G0C1VEI6, STM32G471CCT6, STM32G471CCU6, STM32G471CET3, STM32G471CET6, STM32G471CEU3, STM32G471CEU6, STM32G471MCT6, STM32G471MET3, STM32G471MET6, STM32G471MEY6TR, STM32G471QCT6, STM32G471QET3, STM32G471RCT6, STM32G471RET3, STM32G471RET6, STM32G471VCH6, STM32G471VCI6, STM32G471VCT6, STM32G471VEH3, STM32G471VEH6, STM32G471VEI3, STM32G471VEI6, STM32G471VET3, STM32G471VET6, STM32G474CCT6, STM32H503CBT6, STM32H503CBU6, STM32H503EBY6TR, STM32H503KBU6, STM32H503RBT6, STM32H523CCT6, STM32H523CCU6, STM32H523CET6, STM32H523CEU6, STM32H523HEY6TR, STM32H523RCT6, STM32H523RET6, STM32H523VCI6, STM32H523VCT6, STM32H523VEI6, STM32H523VET6, STM32H523ZCJ6, STM32H523ZCT6, STM32H523ZEJ6, STM32H523ZET6, STM32H533CET6, STM32H533CEU6, STM32H533HEY6TR, STM32H533RET6, STM32H533VEI6, STM32H533VET6, STM32H533ZEJ6, STM32H533ZET6, STM32H562AGI6, STM32H562AII6, STM32H562IGK6, STM32H562IGT6, STM32H562IIK6, STM32H562IIT6, STM32H562RGT6, STM32H562RGV6, STM32H562RIT6, STM32H562RIV6, STM32H562VGT6, STM32H562VIT6, STM32H562ZGT6, STM32H562ZIT6, STM32H563AGI6, STM32H563AII3Q, STM32H563AII6, STM32H563IGK6, STM32H563IGT6, STM32H563IIK3Q, STM32H563IIK6, STM32H563IIT3Q, STM32H563IIT6, STM32H563MIY3QTR, STM32H563RGT6, STM32H563RGV6, STM32H563RIT6, STM32H563RIV6, STM32H563VGT6, STM32H563VIT3Q, STM32H563VIT6, STM32H563ZGT6, STM32H563ZIT3Q, STM32H563ZIT6, STM32H573AII3Q, STM32H573AII6, STM32H573I-DK, STM32H573IIK3Q, STM32H573IIK6, STM32H573IIT3Q, STM32H573IIT6, STM32H573MIY3QTR, STM32H573RIT6, STM32H573RIV6, STM32H573VIT3Q, STM32H573VIT6, STM32H573ZIT3Q, STM32H573ZIT6, STM32H7R3A8I6, STM32H7R3I8K6, STM32H7R3I8T6, STM32H7R3L8H6, STM32H7R3L8H6H, STM32H7R3R8V6, STM32H7R3V8H6, STM32H7R3V8T6, STM32H7R3V8Y6, STM32H7R3Z8J6, STM32H7R3Z8T6, STM32H7R7A8I6, STM32H7R7I8K6, STM32H7R7I8T6, STM32H7R7L8H6, STM32H7R7L8H6H, STM32H7R7Z8J6, STM32H7S3A8I6, STM32H7S3I8K6, STM32H7S3I8T6, STM32H7S3L8H6, STM32H7S3L8H6H, STM32H7S3R8V6, STM32H7S3V8H6, STM32H7S3V8T6, STM32H7S3V8Y6, STM32H7S3Z8J6, STM32H7S3Z8T6, STM32H7S78-DK, STM32H7S7A8I6, STM32H7S7I8K6, STM32H7S7I8T6, STM32H7S7L8H6, STM32H7S7L8H6H, STM32H7S7Z8J6, STM32L4R5QGI6STR, STM32MP131AAE3, STM32MP131AAF3, STM32MP131AAG3, STM32MP131CAE3, STM32MP131CAF3, STM32MP131CAG3, STM32MP131DAE7, STM32MP131DAF7, STM32MP131DAG7, STM32MP131FAE7, STM32MP131FAF7, STM32MP131FAG7, STM32MP133AAE3, STM32MP133AAF3, STM32MP133AAG3, STM32MP133CAE3, STM32MP133CAF3, STM32MP133CAG3, STM32MP133DAE7, STM32MP133DAF7, STM32MP133DAG7, STM32MP133FAE7, STM32MP133FAF7, STM32MP133FAG7, STM32MP135AAE3, STM32MP135AAF3, STM32MP135AAG3, STM32MP135CAE3, STM32MP135CAF3, STM32MP135CAG3, STM32MP135DAE7, STM32MP135DAF7, STM32MP135DAG7, STM32MP135F-DK, STM32MP135FAE7, STM32MP135FAF7, STM32MP135FAF7T, STM32MP135FAF7U, STM32MP135FAG7, STM32U031C6T6, STM32U031C6U6, STM32U031C8T6, STM32U031C8U6, STM32U031F4P6, STM32U031F6P6, STM32U031F8P6, STM32U031G6Y6TR, STM32U031G8Y6TR, STM32U031K4U6, STM32U031K6U6, STM32U031K8U6, STM32U031R6I6, STM32U031R6T6, STM32U031R8I6, STM32U031R8T6, STM32U073C8T6, STM32U073C8U6, STM32U073CBT6, STM32U073CBU6, STM32U073CCT6, STM32U073CCU6, STM32U073H8Y6TR, STM32U073HBY6TR, STM32U073HCY6TR, STM32U073K8U6, STM32U073KBU6, STM32U073KCU6, STM32U073M8I6, STM32U073M8T6, STM32U073MBI6, STM32U073MBT6, STM32U073MCI6, STM32U073MCT6, STM32U073R8I6, STM32U073R8T6, STM32U073RBI6, STM32U073RBT6, STM32U073RCI6, STM32U073RCT6, STM32U083C-DK, STM32U083CCT6, STM32U083CCU6, STM32U083HCY6TR, STM32U083KCU6, STM32U083MCI6, STM32U083MCT6, STM32U083RCI6, STM32U083RCT6, STM32U535CBT6, STM32U535CBT6Q, STM32U535CBU6, STM32U535CBU6Q, STM32U535CCT6, STM32U535CCT6Q, STM32U535CCU6, STM32U535CCU6Q, STM32U535CET6, STM32U535CET6Q, STM32U535CEU6, STM32U535CEU6Q, STM32U535JEY6QTR, STM32U535NCY6QTR, STM32U535NEY6QTR, STM32U535RBI6, STM32U535RBI6Q, STM32U535RBT6, STM32U535RBT6Q, STM32U535RCI6, STM32U535RCI6Q, STM32U535RCT6, STM32U535RCT6Q, STM32U535REI6, STM32U535REI6Q, STM32U535RET6, STM32U535RET6Q, STM32U535VCI6, STM32U535VCI6Q, STM32U535VCT6, STM32U535VCT6Q, STM32U535VEI6, STM32U535VEI6Q, STM32U535VET6, STM32U535VET6Q, STM32U545CET6, STM32U545CET6Q, STM32U545CEU6, STM32U545CEU6Q, STM32U545JEY6QTR, STM32U545NEY6QTR, STM32U545REI6, STM32U545REI6Q, STM32U545RET6, STM32U545RET6Q, STM32U545VEI6, STM32U545VEI6Q, STM32U545VET6, STM32U545VET6Q, STM32U595AIH6, STM32U595AIH6Q, STM32U595AJH6, STM32U595AJH6Q, STM32U595QII6, STM32U595QII6Q, STM32U595QJI6, STM32U595QJI6Q, STM32U595RIT6, STM32U595RIT6Q, STM32U595RJT6, STM32U595RJT6Q, STM32U595VIT6, STM32U595VIT6Q, STM32U595VJT6, STM32U595VJT6Q, STM32U595ZIT6, STM32U595ZIT6Q, STM32U595ZIY6QTR, STM32U595ZJT6, STM32U595ZJT6Q, STM32U595ZJY6QTR, STM32U599BJY6QTR, STM32U599NIH6Q, STM32U599NJH6Q, STM32U599VIT6Q, STM32U599VJT6, STM32U599VJT6Q, STM32U599ZIT6Q, STM32U599ZIY6QTR, STM32U599ZJT6Q, STM32U599ZJY6QTR, STM32U5A5AJH6, STM32U5A5AJH6Q, STM32U5A5QII3Q , STM32U5A5QJI6, STM32U5A5QJI6Q, STM32U5A5RJT6, STM32U5A5RJT6Q, STM32U5A5VJT6, STM32U5A5VJT6Q, STM32U5A5ZJT6, STM32U5A5ZJT6Q, STM32U5A5ZJY6QTR, STM32U5A9BJY6QTR, STM32U5A9J-DK, STM32U5A9NJH6Q, STM32U5A9VJT6Q, STM32U5A9ZJT6Q, STM32U5A9ZJY6QTR, STM32U5F7VIT6, STM32U5F7VIT6Q, STM32U5F7VJT6, STM32U5F7VJT6Q, STM32U5F9BJY6QTR, STM32U5F9NJH6Q, STM32U5F9VIT6Q, STM32U5F9VJT6Q, STM32U5F9ZIJ6QTR, STM32U5F9ZIT6Q, STM32U5F9ZJJ6QTR, STM32U5F9ZJT6Q, STM32U5G7VJT6, STM32U5G7VJT6Q, STM32U5G9BJY6QTR, STM32U5G9J-DK1, STM32U5G9J-DK2, STM32U5G9NJH6Q, STM32U5G9VJT6Q, STM32U5G9ZJJ6QTR, STM32U5G9ZJT6Q, STM32WB1MMCH6, STM32WBA50KEU6, STM32WBA50KEU6TR, STM32WBA50KGU6, STM32WBA50KGU6TR, STM32WBA52CEU6, STM32WBA52CEU6TR, STM32WBA52CEU7, STM32WBA52CEU7TR, STM32WBA52CGU6, STM32WBA52CGU6TR, STM32WBA52CGU6U, STM32WBA52CGU7, STM32WBA52CGU7TR, STM32WBA52KEU6, STM32WBA52KEU6TR, STM32WBA52KGU6, STM32WBA52KGU6TR, STM32WBA54CEU6, STM32WBA54CEU6TR, STM32WBA54CEU7, STM32WBA54CEU7TR, STM32WBA54CGU6, STM32WBA54CGU6TR, STM32WBA54CGU7, STM32WBA54CGU7TR, STM32WBA54KEU6, STM32WBA54KEU6TR, STM32WBA54KEU7, STM32WBA54KEU7TR, STM32WBA54KGU6, STM32WBA54KGU6TR, STM32WBA54KGU7, STM32WBA54KGU7TR, STM32WBA55CEU6, STM32WBA55CEU6TR, STM32WBA55CEU7, STM32WBA55CEU7TR, STM32WBA55CGU6, STM32WBA55CGU6TR, STM32WBA55CGU6U, STM32WBA55CGU7, STM32WBA55CGU7TR, STM32WBA55G-DK1, STM32WBA55HEF6, STM32WBA55HEF7, STM32WBA55HGF6, STM32WBA55HGF7, STM32WBA55UEI6, STM32WBA55UEI6TR, STM32WBA55UEI7, STM32WBA55UEI7TR, STM32WBA55UGI6, STM32WBA55UGI6TR, STM32WBA55UGI7, STM32WBA55UGI7TR, STM32WL5MOCH6, STM32WL5MOCH6TR]
2024-04-18 18:18:03,407 [INFO] BoardInfo:889 - No configuration file found for board P-NUCLEO-WB55
2024-04-18 18:18:03,408 [INFO] DbBoards:161 - Kit is not supported: P-NUCLEO-WB55
2024-04-18 18:18:03,412 [INFO] BoardInfo:889 - No configuration file found for board STEVAL-BFA001V1B
2024-04-18 18:18:03,412 [INFO] DbBoards:161 - Kit is not supported: STEVAL-BFA001V1B
2024-04-18 18:18:03,413 [INFO] BoardInfo:889 - No configuration file found for board STEVAL-BFA001V2B
2024-04-18 18:18:03,414 [INFO] DbBoards:161 - Kit is not supported: STEVAL-BFA001V2B
2024-04-18 18:18:03,549 [INFO] DbBoards:168 - Found 199 boards, 196 are supported
2024-04-18 18:18:03,550 [INFO] DbBoards:169 - Found 199 boards, 8 of them is supported for  Bsp
2024-04-18 18:18:03,553 [INFO] ApiDb:668 - CubeFinder database Data Model version=2.1
2024-04-18 18:18:03,553 [INFO] ApiDb:669 - CubeFinder database Configuration version=3.0.39
2024-04-18 18:18:03,553 [INFO] ApiDb:670 - CubeFinder database generation date=2024-03-25 (1711369621)
2024-04-18 18:18:03,553 [INFO] ApiDb:671 - CubeFinder database FW Pack versions=[FP-ATR-ASTRA1_V2.0.0, FP-SNS-FLIGHT1_V5.0.1, FP-SNS-FLIGHT1_V5.0.2, FP-SNS-MOTENV1_V4.3.1, FP-SNS-MOTENV1_V4.3.2, FP-SNS-MOTENVWB1_V1.3.1, FP-SNS-SMARTAG2_V1.2.0, STM32Cube_FW_C0_V1.1.0, STM32Cube_FW_F4_V1.28.0, STM32Cube_FW_F7_V1.17.0, STM32Cube_FW_G0_V1.6.2, STM32Cube_FW_G4_V1.5.2, STM32Cube_FW_H5_V0.5.1, STM32Cube_FW_H5_V1.1.1, STM32Cube_FW_H5_V1.2.0, STM32Cube_FW_H5_V1.2.0RC4, STM32Cube_FW_H7RS_V1.0.0, STM32Cube_FW_H7RS_V1.0.0RC4, STM32Cube_FW_H7_V1.11.0, STM32Cube_FW_L0_V1.12.2, STM32Cube_FW_L5_V1.5.1, STM32Cube_FW_U0_V1.0.0, STM32Cube_FW_U0_V1.0.0RC1, STM32Cube_FW_U5_V1.3.0RC4, STM32Cube_FW_U5_V1.5.0, STM32Cube_FW_U5_V1.5.0RC1, STM32Cube_FW_WBA_V1.0.0RC1, STM32Cube_FW_WBA_V1.2.0, STM32Cube_FW_WBA_V1.2.0RC2, STM32Cube_FW_WBA_V1.3.0, STM32Cube_FW_WBA_V1.3.0RC1, STM32Cube_FW_WB_V1.15.0RC1, STM32Cube_FW_WB_V1.16.0, STM32Cube_FW_WB_V1.16.0RC2, STM32Cube_FW_WB_V1.18.0, STM32Cube_FW_WB_V1.19.0, STM32Cube_FW_WL_V1.3.0, X-CUBE-ALGOBUILD_V1.3.0, X-CUBE-ALS_V1.0.1, X-CUBE-AZRTOS-F4_V1.1.0, X-CUBE-AZRTOS-F7_V1.1.0, X-CUBE-AZRTOS-G0_V1.1.0, X-CUBE-AZRTOS-G4_V2.0.0, X-CUBE-AZRTOS-H7_V3.2.0, X-CUBE-AZRTOS-L4_V1.0.0, X-CUBE-AZRTOS-L4_V2.0.0, X-CUBE-AZRTOS-L5_V1.1.0, X-CUBE-AZRTOS-WB_V2.0.0, X-CUBE-AZRTOS-WL_V2.0.0, X-CUBE-BLE1_V7.0.0, X-CUBE-BLE2_V3.3.0, X-CUBE-BLEMGR_V3.1.0, X-CUBE-EEPRMA1_V4.1.0, X-CUBE-EEPRMA1_V5.1.0, X-CUBE-FREERTOS_V1.1.0, X-CUBE-GNSS1_V6.0.0, X-CUBE-MEMS1_V10.0.0, X-CUBE-MEMS1_V9.1.0, X-CUBE-MEMS1_V9.4.0, X-CUBE-MEMS1_V9.6.0, X-CUBE-NFC4_V3.0.0, X-CUBE-NFC7_V1.0.1, X-CUBE-SFXS2LP1_V4.0.0, X-CUBE-SUBG2_V5.0.0, X-CUBE-TOF1_V3.4.0]
2024-04-18 18:18:05,387 [INFO] ApiDb:240 - Found 483 in-development CPN: [B-G473E-ZEST1S, B-WB1M-WPAN1, B-WL5M-SUBG1, NUCLEO-C031C6, NUCLEO-H503RB, NUCLEO-H533RE, NUCLEO-H563ZI, NUCLEO-H7S3L8, NUCLEO-U031R8, NUCLEO-U083RC, NUCLEO-U545RE-Q, NUCLEO-U5A5ZJ-Q, NUCLEO-WBA52CG, NUCLEO-WBA55CG, STEVAL-PROTEUS1, STEVAL-SMARTAG2, STEVAL-STWINBX1, STM320518-EVAL, STM32C0116-DK, STM32C011D6Y3TR, STM32C011D6Y6TR, STM32C011F4P3, STM32C011F4P6, STM32C011F4U3, STM32C011F4U6TR, STM32C011F6P3, STM32C011F6P6, STM32C011F6U3, STM32C011F6U6TR, STM32C011J4M3, STM32C011J4M6, STM32C011J6M3, STM32C011J6M6, STM32C0316-DK, STM32C031C4T3, STM32C031C4T6, STM32C031C4U3, STM32C031C4U6, STM32C031C6T3, STM32C031C6T6, STM32C031C6U3, STM32C031C6U6, STM32C031F4P3, STM32C031F4P6, STM32C031F6P3, STM32C031F6P6, STM32C031G4U3, STM32C031G4U6, STM32C031G6U3, STM32C031G6U6, STM32C031K4T3, STM32C031K4T6, STM32C031K4U3, STM32C031K4U6, STM32C031K6T3, STM32C031K6T6, STM32C031K6U3, STM32C031K6U6, STM32G071K8TXN, STM32G071K8UXN, STM32G081GBU6N, STM32G081KBT6N, STM32G081KBUXN, STM32G0B1CCT6N, STM32G0B1KCT6, STM32G0B1NEY6TR, STM32G0B1RCT6N, STM32G0C1CCT6, STM32G0C1CCT6N, STM32G0C1CCU6N, STM32G0C1CET6N, STM32G0C1CEU6N, STM32G0C1KCT6, STM32G0C1NEY6TR, STM32G0C1RCI6N, STM32G0C1RCT6N, STM32G0C1REI6N, STM32G0C1RET6N, STM32G0C1VCI6, STM32G0C1VEI6, STM32G471CCT6, STM32G471CCU6, STM32G471CET3, STM32G471CET6, STM32G471CEU3, STM32G471CEU6, STM32G471MCT6, STM32G471MET3, STM32G471MET6, STM32G471MEY6TR, STM32G471QCT6, STM32G471QET3, STM32G471RCT6, STM32G471RET3, STM32G471RET6, STM32G471VCH6, STM32G471VCI6, STM32G471VCT6, STM32G471VEH3, STM32G471VEH6, STM32G471VEI3, STM32G471VEI6, STM32G471VET3, STM32G471VET6, STM32G474CCT6, STM32H503CBT6, STM32H503CBU6, STM32H503EBY6TR, STM32H503KBU6, STM32H503RBT6, STM32H523CCT6, STM32H523CCU6, STM32H523CET6, STM32H523CEU6, STM32H523HEY6TR, STM32H523RCT6, STM32H523RET6, STM32H523VCI6, STM32H523VCT6, STM32H523VEI6, STM32H523VET6, STM32H523ZCJ6, STM32H523ZCT6, STM32H523ZEJ6, STM32H523ZET6, STM32H533CET6, STM32H533CEU6, STM32H533HEY6TR, STM32H533RET6, STM32H533VEI6, STM32H533VET6, STM32H533ZEJ6, STM32H533ZET6, STM32H562AGI6, STM32H562AII6, STM32H562IGK6, STM32H562IGT6, STM32H562IIK6, STM32H562IIT6, STM32H562RGT6, STM32H562RGV6, STM32H562RIT6, STM32H562RIV6, STM32H562VGT6, STM32H562VIT6, STM32H562ZGT6, STM32H562ZIT6, STM32H563AGI6, STM32H563AII3Q, STM32H563AII6, STM32H563IGK6, STM32H563IGT6, STM32H563IIK3Q, STM32H563IIK6, STM32H563IIT3Q, STM32H563IIT6, STM32H563MIY3QTR, STM32H563RGT6, STM32H563RGV6, STM32H563RIT6, STM32H563RIV6, STM32H563VGT6, STM32H563VIT3Q, STM32H563VIT6, STM32H563ZGT6, STM32H563ZIT3Q, STM32H563ZIT6, STM32H573AII3Q, STM32H573AII6, STM32H573I-DK, STM32H573IIK3Q, STM32H573IIK6, STM32H573IIT3Q, STM32H573IIT6, STM32H573MIY3QTR, STM32H573RIT6, STM32H573RIV6, STM32H573VIT3Q, STM32H573VIT6, STM32H573ZIT3Q, STM32H573ZIT6, STM32H7R3A8I6, STM32H7R3I8K6, STM32H7R3I8T6, STM32H7R3L8H6, STM32H7R3L8H6H, STM32H7R3R8V6, STM32H7R3V8H6, STM32H7R3V8T6, STM32H7R3V8Y6, STM32H7R3Z8J6, STM32H7R3Z8T6, STM32H7R7A8I6, STM32H7R7I8K6, STM32H7R7I8T6, STM32H7R7L8H6, STM32H7R7L8H6H, STM32H7R7Z8J6, STM32H7S3A8I6, STM32H7S3I8K6, STM32H7S3I8T6, STM32H7S3L8H6, STM32H7S3L8H6H, STM32H7S3R8V6, STM32H7S3V8H6, STM32H7S3V8T6, STM32H7S3V8Y6, STM32H7S3Z8J6, STM32H7S3Z8T6, STM32H7S78-DK, STM32H7S7A8I6, STM32H7S7I8K6, STM32H7S7I8T6, STM32H7S7L8H6, STM32H7S7L8H6H, STM32H7S7Z8J6, STM32L4R5QGI6STR, STM32MP131AAE3, STM32MP131AAF3, STM32MP131AAG3, STM32MP131CAE3, STM32MP131CAF3, STM32MP131CAG3, STM32MP131DAE7, STM32MP131DAF7, STM32MP131DAG7, STM32MP131FAE7, STM32MP131FAF7, STM32MP131FAG7, STM32MP133AAE3, STM32MP133AAF3, STM32MP133AAG3, STM32MP133CAE3, STM32MP133CAF3, STM32MP133CAG3, STM32MP133DAE7, STM32MP133DAF7, STM32MP133DAG7, STM32MP133FAE7, STM32MP133FAF7, STM32MP133FAG7, STM32MP135AAE3, STM32MP135AAF3, STM32MP135AAG3, STM32MP135CAE3, STM32MP135CAF3, STM32MP135CAG3, STM32MP135DAE7, STM32MP135DAF7, STM32MP135DAG7, STM32MP135F-DK, STM32MP135FAE7, STM32MP135FAF7, STM32MP135FAF7T, STM32MP135FAF7U, STM32MP135FAG7, STM32U031C6T6, STM32U031C6U6, STM32U031C8T6, STM32U031C8U6, STM32U031F4P6, STM32U031F6P6, STM32U031F8P6, STM32U031G6Y6TR, STM32U031G8Y6TR, STM32U031K4U6, STM32U031K6U6, STM32U031K8U6, STM32U031R6I6, STM32U031R6T6, STM32U031R8I6, STM32U031R8T6, STM32U073C8T6, STM32U073C8U6, STM32U073CBT6, STM32U073CBU6, STM32U073CCT6, STM32U073CCU6, STM32U073H8Y6TR, STM32U073HBY6TR, STM32U073HCY6TR, STM32U073K8U6, STM32U073KBU6, STM32U073KCU6, STM32U073M8I6, STM32U073M8T6, STM32U073MBI6, STM32U073MBT6, STM32U073MCI6, STM32U073MCT6, STM32U073R8I6, STM32U073R8T6, STM32U073RBI6, STM32U073RBT6, STM32U073RCI6, STM32U073RCT6, STM32U083C-DK, STM32U083CCT6, STM32U083CCU6, STM32U083HCY6TR, STM32U083KCU6, STM32U083MCI6, STM32U083MCT6, STM32U083RCI6, STM32U083RCT6, STM32U535CBT6, STM32U535CBT6Q, STM32U535CBU6, STM32U535CBU6Q, STM32U535CCT6, STM32U535CCT6Q, STM32U535CCU6, STM32U535CCU6Q, STM32U535CET6, STM32U535CET6Q, STM32U535CEU6, STM32U535CEU6Q, STM32U535JEY6QTR, STM32U535NCY6QTR, STM32U535NEY6QTR, STM32U535RBI6, STM32U535RBI6Q, STM32U535RBT6, STM32U535RBT6Q, STM32U535RCI6, STM32U535RCI6Q, STM32U535RCT6, STM32U535RCT6Q, STM32U535REI6, STM32U535REI6Q, STM32U535RET6, STM32U535RET6Q, STM32U535VCI6, STM32U535VCI6Q, STM32U535VCT6, STM32U535VCT6Q, STM32U535VEI6, STM32U535VEI6Q, STM32U535VET6, STM32U535VET6Q, STM32U545CET6, STM32U545CET6Q, STM32U545CEU6, STM32U545CEU6Q, STM32U545JEY6QTR, STM32U545NEY6QTR, STM32U545REI6, STM32U545REI6Q, STM32U545RET6, STM32U545RET6Q, STM32U545VEI6, STM32U545VEI6Q, STM32U545VET6, STM32U545VET6Q, STM32U595AIH6, STM32U595AIH6Q, STM32U595AJH6, STM32U595AJH6Q, STM32U595QII6, STM32U595QII6Q, STM32U595QJI6, STM32U595QJI6Q, STM32U595RIT6, STM32U595RIT6Q, STM32U595RJT6, STM32U595RJT6Q, STM32U595VIT6, STM32U595VIT6Q, STM32U595VJT6, STM32U595VJT6Q, STM32U595ZIT6, STM32U595ZIT6Q, STM32U595ZIY6QTR, STM32U595ZJT6, STM32U595ZJT6Q, STM32U595ZJY6QTR, STM32U599BJY6QTR, STM32U599NIH6Q, STM32U599NJH6Q, STM32U599VIT6Q, STM32U599VJT6, STM32U599VJT6Q, STM32U599ZIT6Q, STM32U599ZIY6QTR, STM32U599ZJT6Q, STM32U599ZJY6QTR, STM32U5A5AJH6, STM32U5A5AJH6Q, STM32U5A5QII3Q , STM32U5A5QJI6, STM32U5A5QJI6Q, STM32U5A5RJT6, STM32U5A5RJT6Q, STM32U5A5VJT6, STM32U5A5VJT6Q, STM32U5A5ZJT6, STM32U5A5ZJT6Q, STM32U5A5ZJY6QTR, STM32U5A9BJY6QTR, STM32U5A9J-DK, STM32U5A9NJH6Q, STM32U5A9VJT6Q, STM32U5A9ZJT6Q, STM32U5A9ZJY6QTR, STM32U5F7VIT6, STM32U5F7VIT6Q, STM32U5F7VJT6, STM32U5F7VJT6Q, STM32U5F9BJY6QTR, STM32U5F9NJH6Q, STM32U5F9VIT6Q, STM32U5F9VJT6Q, STM32U5F9ZIJ6QTR, STM32U5F9ZIT6Q, STM32U5F9ZJJ6QTR, STM32U5F9ZJT6Q, STM32U5G7VJT6, STM32U5G7VJT6Q, STM32U5G9BJY6QTR, STM32U5G9J-DK1, STM32U5G9J-DK2, STM32U5G9NJH6Q, STM32U5G9VJT6Q, STM32U5G9ZJJ6QTR, STM32U5G9ZJT6Q, STM32WB1MMCH6, STM32WBA50KEU6, STM32WBA50KEU6TR, STM32WBA50KGU6, STM32WBA50KGU6TR, STM32WBA52CEU6, STM32WBA52CEU6TR, STM32WBA52CEU7, STM32WBA52CEU7TR, STM32WBA52CGU6, STM32WBA52CGU6TR, STM32WBA52CGU6U, STM32WBA52CGU7, STM32WBA52CGU7TR, STM32WBA52KEU6, STM32WBA52KEU6TR, STM32WBA52KGU6, STM32WBA52KGU6TR, STM32WBA54CEU6, STM32WBA54CEU6TR, STM32WBA54CEU7, STM32WBA54CEU7TR, STM32WBA54CGU6, STM32WBA54CGU6TR, STM32WBA54CGU7, STM32WBA54CGU7TR, STM32WBA54KEU6, STM32WBA54KEU6TR, STM32WBA54KEU7, STM32WBA54KEU7TR, STM32WBA54KGU6, STM32WBA54KGU6TR, STM32WBA54KGU7, STM32WBA54KGU7TR, STM32WBA55CEU6, STM32WBA55CEU6TR, STM32WBA55CEU7, STM32WBA55CEU7TR, STM32WBA55CGU6, STM32WBA55CGU6TR, STM32WBA55CGU6U, STM32WBA55CGU7, STM32WBA55CGU7TR, STM32WBA55G-DK1, STM32WBA55HEF6, STM32WBA55HEF7, STM32WBA55HGF6, STM32WBA55HGF7, STM32WBA55UEI6, STM32WBA55UEI6TR, STM32WBA55UEI7, STM32WBA55UEI7TR, STM32WBA55UGI6, STM32WBA55UGI6TR, STM32WBA55UGI7, STM32WBA55UGI7TR, STM32WL5MOCH6, STM32WL5MOCH6TR]
2024-04-18 18:18:05,393 [INFO] DbMcus:218 - Found 4094 MCUs, 4094 are supported
2024-04-18 18:18:05,397 [INFO] ApiDb:423 - Load user favorites file C:\Users\miles/.stm32cubeide/favorites.mcus.txt: 1 item(s)
2024-04-18 18:18:05,397 [INFO] ApiDb:427 - User favorites MCUs=[STM32F401RCT6TR]
2024-04-18 18:18:05,398 [INFO] DbMcus:224 - Set 1 / 1 favorites MCUs
2024-04-18 18:18:05,683 [INFO] ApiDb:423 - Load user favorites file C:\Users\miles/.stm32cubeide/favorites.boards.txt: 0 item(s)
2024-04-18 18:18:05,683 [INFO] ApiDb:427 - User favorites Boards=[]
2024-04-18 18:18:05,683 [INFO] DbBoards:198 - Set 0 / 0 favorites Boards
2024-04-18 18:18:05,743 [INFO] UtilMem:75 - End LoadConfig() Used Memory: 704226952 Bytes (1073741824)
2024-04-18 18:18:05,870 [WARN] ThirdParty:833 - waiting for thirdparty lock release [change project]
2024-04-18 18:18:05,870 [INFO] ThirdParty:835 - entering critical section [change project]
2024-04-18 18:18:05,870 [INFO] ThirdParty:1030 - CMSIS Pack Vendor :STMicroelectronics USBPD 4.1
2024-04-18 18:18:05,870 [INFO] ThirdParty:1030 - CMSIS Pack Vendor :STMicroelectronics X-CUBE-GNSS1 6.0.0
2024-04-18 18:18:05,870 [INFO] ThirdParty:1030 - CMSIS Pack Vendor :STMicroelectronics USB_HOST 2.0.0
2024-04-18 18:18:05,870 [INFO] ThirdParty:1030 - CMSIS Pack Vendor :STMicroelectronics FP-SNS-MOTENVWB1 1.4.0
2024-04-18 18:18:05,870 [INFO] ThirdParty:1030 - CMSIS Pack Vendor :STMicroelectronics X-CUBE-AZRTOS-F4 1.1.0
2024-04-18 18:18:05,870 [INFO] ThirdParty:1030 - CMSIS Pack Vendor :STMicroelectronics LIBJPEG 8.0.0
2024-04-18 18:18:05,870 [INFO] ThirdParty:1030 - CMSIS Pack Vendor :STMicroelectronics X-CUBE-SMBUS 2.1.0
2024-04-18 18:18:05,871 [INFO] ThirdParty:1030 - CMSIS Pack Vendor :STMicroelectronics USB_DEVICE 3.0.0
2024-04-18 18:18:05,871 [INFO] ThirdParty:1030 - CMSIS Pack Vendor :STMicroelectronics X-CUBE-TCPP 4.1.0
2024-04-18 18:18:05,871 [INFO] ThirdParty:1030 - CMSIS Pack Vendor :STMicroelectronics X-CUBE-AZRTOS-WB 2.0.0
2024-04-18 18:18:05,871 [INFO] ThirdParty:1030 - CMSIS Pack Vendor :STMicroelectronics X-CUBE-TOUCHGFX 4.23.2
2024-04-18 18:18:05,871 [INFO] ThirdParty:1030 - CMSIS Pack Vendor :STMicroelectronics X-CUBE-AZRTOS-F7 1.1.0
2024-04-18 18:18:05,871 [INFO] ThirdParty:1030 - CMSIS Pack Vendor :STMicroelectronics X-CUBE-AZRTOS-L5 2.0.0
2024-04-18 18:18:05,871 [INFO] ThirdParty:1030 - CMSIS Pack Vendor :STMicroelectronics USB_DEVICE 2.0.0
2024-04-18 18:18:05,871 [INFO] ThirdParty:1030 - CMSIS Pack Vendor :STMicroelectronics X-CUBE-NFC6 3.1.0
2024-04-18 18:18:05,871 [INFO] ThirdParty:1030 - CMSIS Pack Vendor :STMicroelectronics X-CUBE-ALGOBUILD 1.3.0
2024-04-18 18:18:05,871 [INFO] ThirdParty:1030 - CMSIS Pack Vendor :STMicroelectronics FreeRTOS 0.0.1
2024-04-18 18:18:05,871 [INFO] ThirdParty:1030 - CMSIS Pack Vendor :STMicroelectronics X-CUBE-AZRTOS-G0 1.1.0
2024-04-18 18:18:05,871 [INFO] ThirdParty:1030 - CMSIS Pack Vendor :STMicroelectronics X-CUBE-SAFEA1 1.2.2
2024-04-18 18:18:05,871 [INFO] ThirdParty:1030 - CMSIS Pack Vendor :STMicroelectronics X-CUBE-NFC4 3.0.0
2024-04-18 18:18:05,871 [INFO] ThirdParty:1030 - CMSIS Pack Vendor :STMicroelectronics X-CUBE-SUBG2 5.0.0
2024-04-18 18:18:05,871 [INFO] ThirdParty:1030 - CMSIS Pack Vendor :STMicroelectronics STM32_WPAN 1.0.0
2024-04-18 18:18:05,871 [INFO] ThirdParty:1030 - CMSIS Pack Vendor :STMicroelectronics lwIP 2.0.3
2024-04-18 18:18:05,872 [INFO] ThirdParty:1030 - CMSIS Pack Vendor :STMicroelectronics FP-SNS-FLIGHT1 5.0.2
2024-04-18 18:18:05,872 [INFO] ThirdParty:1030 - CMSIS Pack Vendor :STMicroelectronics USB_HOST 1.0.0
2024-04-18 18:18:05,872 [INFO] ThirdParty:1030 - CMSIS Pack Vendor :STMicroelectronics X-CUBE-AI 9.0.0
2024-04-18 18:18:05,872 [INFO] ThirdParty:1030 - CMSIS Pack Vendor :STMicroelectronics X-CUBE-AZRTOS-G4 2.0.0
2024-04-18 18:18:05,872 [INFO] ThirdParty:1030 - CMSIS Pack Vendor :STMicroelectronics PDM2PCM 3.1.0
2024-04-18 18:18:05,872 [INFO] ThirdParty:1030 - CMSIS Pack Vendor :STMicroelectronics PDM2PCM 3.3.0
2024-04-18 18:18:05,872 [INFO] ThirdParty:1030 - CMSIS Pack Vendor :STMicroelectronics X-CUBE-DISPLAY 3.0.0
2024-04-18 18:18:05,872 [INFO] ThirdParty:1030 - CMSIS Pack Vendor :wolfSSL I-CUBE-wolfSSL 5.7.0
2024-04-18 18:18:05,872 [INFO] ThirdParty:1030 - CMSIS Pack Vendor :STMicroelectronics FP-SNS-MOTENVWB1 1.3.1
2024-04-18 18:18:05,872 [INFO] ThirdParty:1030 - CMSIS Pack Vendor :STMicroelectronics X-CUBE-BLE1 7.0.0
2024-04-18 18:18:05,872 [INFO] ThirdParty:1030 - CMSIS Pack Vendor :STMicroelectronics FP-ATR-SIGFOX1 3.2.0
2024-04-18 18:18:05,872 [INFO] ThirdParty:1030 - CMSIS Pack Vendor :STMicroelectronics X-CUBE-ISPU 2.0.0
2024-04-18 18:18:05,872 [INFO] ThirdParty:1030 - CMSIS Pack Vendor :STMicroelectronics X-CUBE-EEPRMA1 5.1.0
2024-04-18 18:18:05,872 [INFO] ThirdParty:1030 - CMSIS Pack Vendor :STMicroelectronics HAL Drivers 0.0.0
2024-04-18 18:18:05,872 [INFO] ThirdParty:1030 - CMSIS Pack Vendor :STMicroelectronics MBEDTLS 2.16.2
2024-04-18 18:18:05,872 [INFO] ThirdParty:1030 - CMSIS Pack Vendor :emotas I-CUBE-CANOPEN 1.3.0
2024-04-18 18:18:05,872 [INFO] ThirdParty:1030 - CMSIS Pack Vendor :STMicroelectronics X-CUBE-MEMS1 10.0.0
2024-04-18 18:18:05,872 [INFO] ThirdParty:1030 - CMSIS Pack Vendor :STMicroelectronics X-CUBE-FREERTOS 1.1.0
2024-04-18 18:18:05,872 [INFO] ThirdParty:1030 - CMSIS Pack Vendor :STMicroelectronics X-CUBE-NFC7 1.0.1
2024-04-18 18:18:05,872 [INFO] ThirdParty:1030 - CMSIS Pack Vendor :STMicroelectronics MBEDTLS 2.14.1
2024-04-18 18:18:05,872 [INFO] ThirdParty:1030 - CMSIS Pack Vendor :ITTIA_DB I-CUBE-ITTIADB 8.9.0
2024-04-18 18:18:05,872 [INFO] ThirdParty:1030 - CMSIS Pack Vendor :portGmbH I-Cube-SoM-uGOAL 1.1.0
2024-04-18 18:18:05,872 [INFO] ThirdParty:1030 - CMSIS Pack Vendor :STMicroelectronics X-CUBE-ALS 1.0.1
2024-04-18 18:18:05,872 [INFO] ThirdParty:1030 - CMSIS Pack Vendor :STMicroelectronics X-CUBE-BLEMGR 3.1.0
2024-04-18 18:18:05,872 [INFO] ThirdParty:1030 - CMSIS Pack Vendor :STMicroelectronics ThreadX 1.0.0
2024-04-18 18:18:05,872 [INFO] ThirdParty:1030 - CMSIS Pack Vendor :STMicroelectronics FP-SNS-SMARTAG2 1.2.0
2024-04-18 18:18:05,872 [INFO] ThirdParty:1030 - CMSIS Pack Vendor :STMicroelectronics X-CUBE-AZRTOS-WL 2.0.0
2024-04-18 18:18:05,872 [INFO] ThirdParty:1030 - CMSIS Pack Vendor :SEGGER I-CUBE-embOS 1.3.1
2024-04-18 18:18:05,872 [INFO] ThirdParty:1030 - CMSIS Pack Vendor :STMicroelectronics FP-SNS-MOTENV1 5.0.0
2024-04-18 18:18:05,872 [INFO] ThirdParty:1030 - CMSIS Pack Vendor :STMicroelectronics USB_DEVICE 1.0.0
2024-04-18 18:18:05,872 [INFO] ThirdParty:1030 - CMSIS Pack Vendor :STMicroelectronics X-CUBE-AI 8.1.0
2024-04-18 18:18:05,872 [INFO] ThirdParty:1030 - CMSIS Pack Vendor :STMicroelectronics X-CUBE-AZRTOS-H7RS 1.0.0
2024-04-18 18:18:05,872 [INFO] ThirdParty:1030 - CMSIS Pack Vendor :STMicroelectronics X-CUBE-AZRTOS-L4 2.0.0
2024-04-18 18:18:05,873 [INFO] ThirdParty:1030 - CMSIS Pack Vendor :STMicroelectronics ThreadX 0.0.2
2024-04-18 18:18:05,873 [INFO] ThirdParty:1030 - CMSIS Pack Vendor :WES I-CUBE-Cesium 1.3.0
2024-04-18 18:18:05,873 [INFO] ThirdParty:1030 - CMSIS Pack Vendor :STMicroelectronics FP-ATR-ASTRA1 2.0.0
2024-04-18 18:18:05,873 [INFO] ThirdParty:1030 - CMSIS Pack Vendor :STMicroelectronics lwIP 2.1.2
2024-04-18 18:18:05,873 [INFO] ThirdParty:1030 - CMSIS Pack Vendor :STMicroelectronics X-CUBE-SFXS2LP1 4.0.0
2024-04-18 18:18:05,873 [INFO] ThirdParty:1030 - CMSIS Pack Vendor :STMicroelectronics X-CUBE-BLE2 3.3.0
2024-04-18 18:18:05,873 [INFO] ThirdParty:1030 - CMSIS Pack Vendor :STMicroelectronics X-CUBE-TOF1 3.4.1
2024-04-18 18:18:05,873 [INFO] ThirdParty:1030 - CMSIS Pack Vendor :STMicroelectronics X-CUBE-AZRTOS-H7 3.2.0
2024-04-18 18:18:05,873 [INFO] ThirdParty:1030 - CMSIS Pack Vendor :Infineon AIROC-Wi-Fi-Bluetooth-STM32 1.6.0
2024-04-18 18:18:05,873 [INFO] ThirdParty:1030 - CMSIS Pack Vendor :STMicroelectronics PDM2PCM 3.2.0
2024-04-18 18:18:05,873 [INFO] ThirdParty:841 - exiting critical section [change project]
2024-04-18 18:18:06,235 [INFO] PinOutPanel:1561 - setPackage(No Configuration,No Configuration)
2024-04-18 18:18:06,237 [INFO] PinOutPanel:1561 - setPackage(STM32F401RCTx,LQFP64)
2024-04-18 18:18:06,862 [INFO] UtilMem:75 - Before build in PCC Used Memory: 640514560 Bytes (1073741824)
2024-04-18 18:18:08,084 [INFO] UtilMem:75 - After build in PCC Used Memory: 704542904 Bytes (1073741824)
2024-04-18 18:18:08,117 [INFO] IPUIPlugin:80 - create IPUIPlugin
2024-04-18 18:18:08,117 [INFO] IPUIPlugin:80 - create IPUIPlugin
2024-04-18 18:18:08,117 [INFO] IPUIPlugin:80 - create IPUIPlugin
2024-04-18 18:18:08,117 [INFO] IPUIPlugin:80 - create IPUIPlugin
2024-04-18 18:18:08,118 [INFO] IPUIPlugin:80 - create IPUIPlugin
2024-04-18 18:18:08,118 [INFO] IPUIPlugin:80 - create IPUIPlugin
2024-04-18 18:18:08,118 [INFO] IPUIPlugin:80 - create IPUIPlugin
2024-04-18 18:18:08,118 [INFO] IPUIPlugin:80 - create IPUIPlugin
2024-04-18 18:18:08,118 [INFO] IPUIPlugin:80 - create IPUIPlugin
2024-04-18 18:18:08,118 [INFO] IPUIPlugin:80 - create IPUIPlugin
2024-04-18 18:18:08,118 [INFO] IPUIPlugin:80 - create IPUIPlugin
2024-04-18 18:18:08,119 [INFO] IPUIPlugin:80 - create IPUIPlugin
2024-04-18 18:18:08,119 [INFO] IPUIPlugin:80 - create IPUIPlugin
2024-04-18 18:18:08,119 [INFO] IPUIPlugin:80 - create IPUIPlugin
2024-04-18 18:18:08,119 [INFO] IPUIPlugin:80 - create IPUIPlugin
2024-04-18 18:18:08,120 [INFO] IPUIPlugin:80 - create IPUIPlugin
2024-04-18 18:18:08,120 [INFO] IPUIPlugin:80 - create IPUIPlugin
2024-04-18 18:18:08,120 [INFO] IPUIPlugin:80 - create IPUIPlugin
2024-04-18 18:18:08,120 [INFO] IPUIPlugin:80 - create IPUIPlugin
2024-04-18 18:18:08,121 [INFO] IPUIPlugin:80 - create IPUIPlugin
2024-04-18 18:18:08,121 [INFO] IPUIPlugin:80 - create IPUIPlugin
2024-04-18 18:18:08,121 [INFO] IPUIPlugin:80 - create IPUIPlugin
2024-04-18 18:18:08,121 [INFO] IPUIPlugin:80 - create IPUIPlugin
2024-04-18 18:18:08,121 [INFO] IPUIPlugin:80 - create IPUIPlugin
2024-04-18 18:18:08,122 [INFO] IPUIPlugin:80 - create IPUIPlugin
2024-04-18 18:18:08,122 [INFO] IPUIPlugin:80 - create IPUIPlugin
2024-04-18 18:18:08,122 [INFO] IPUIPlugin:80 - create IPUIPlugin
2024-04-18 18:18:08,122 [INFO] IPUIPlugin:80 - create IPUIPlugin
2024-04-18 18:18:08,122 [INFO] IPUIPlugin:80 - create IPUIPlugin
2024-04-18 18:18:08,122 [INFO] IPUIPlugin:80 - create IPUIPlugin
2024-04-18 18:18:08,123 [INFO] IPUIPlugin:80 - create IPUIPlugin
2024-04-18 18:18:08,123 [INFO] IPUIPlugin:80 - create IPUIPlugin
2024-04-18 18:18:08,123 [INFO] IPUIPlugin:80 - create IPUIPlugin
2024-04-18 18:18:08,124 [INFO] IPUIPlugin:80 - create IPUIPlugin
2024-04-18 18:18:08,124 [INFO] IPUIPlugin:80 - create IPUIPlugin
2024-04-18 18:18:08,124 [INFO] IPUIPlugin:80 - create IPUIPlugin
2024-04-18 18:18:08,125 [INFO] IPUIPlugin:80 - create IPUIPlugin
2024-04-18 18:18:08,125 [INFO] IPUIPlugin:80 - create IPUIPlugin
2024-04-18 18:18:08,293 [INFO] ApiDbMcu:508 - Load IP Config File for PDM2PCM
2024-04-18 18:18:08,520 [INFO] CADModel:165 - CPN selected for project levelSTM32F401RCT6TR
2024-04-18 18:18:08,520 [INFO] CADModel:114 - Register for checkConnection events
2024-04-18 18:18:08,579 [INFO] OpenFileManager:343 - Restore cursor
2024-04-18 18:26:37,080 [ERROR] LogOutputStream:75 - [STDERR_REDIRECT] 
2024-04-18 18:26:37,082 [ERROR] LogOutputStream:75 - [STDERR_REDIRECT] 
2024-04-18 18:26:51,272 [INFO] Activator:176 - 


2024-04-18 18:26:51,274 [INFO] Activator:177 - !SESSION log4j initialized
2024-04-18 18:26:56,120 [INFO] LogOutputStream:77 - [STDOUT_REDIRECT] 
2024-04-18 18:26:57,021 [INFO] ApplicationProperties:184 - Using Application install path: C:\ST\STM32CubeIDE_1.15.0\STM32CubeIDE\plugins\com.st.stm32cube.common.mx_6.11.0.202403141607
2024-04-18 18:26:57,048 [INFO] DbMcusXml:78 - Set database path to: C:\ST\STM32CubeIDE_1.15.0\STM32CubeIDE\plugins\com.st.stm32cube.common.mx_6.11.0.202403141607\\db\/mcu/
2024-04-18 18:26:57,048 [INFO] ApiDb:274 - Set plugin database path to: C:\ST\STM32CubeIDE_1.15.0\STM32CubeIDE\plugins\com.st.stm32cube.common.mx_6.11.0.202403141607\\db\/plugins/boardmanager/
2024-04-18 18:26:57,048 [WARN] ApiDb:259 - Overriding images path with different value:  => C:\ST\STM32CubeIDE_1.15.0\STM32CubeIDE\plugins\com.st.stm32cube.common.mx_6.11.0.202403141607\\db\/plugins/mcufinder/images/
2024-04-18 18:26:57,056 [INFO] ApiDb:250 - Set database path to: C:\Users\miles\.stmcufinder\plugins\mcufinder//mcu/
2024-04-18 18:26:57,057 [INFO] DbMcusAds:125 - Set database path to: C:\Users\miles\.stmcufinder\plugins\mcufinder//mcu/
2024-04-18 18:26:57,060 [INFO] CrossReferenceDbSqlite:203 - Set database path to: C:\Users\miles\.stmcufinder\plugins\mcufinder//mcu/cs/
2024-04-18 18:26:57,209 [INFO] RulesReader:64 - Compatibility file has been processed (297 Rules)
2024-04-18 18:26:57,316 [INFO] DbMcusXml:78 - Set database path to: C:\ST\STM32CubeIDE_1.15.0\STM32CubeIDE\plugins\com.st.stm32cube.common.mx_6.11.0.202403141607\\db\/mcu/
2024-04-18 18:26:57,316 [INFO] ApiDb:274 - Set plugin database path to: C:\ST\STM32CubeIDE_1.15.0\STM32CubeIDE\plugins\com.st.stm32cube.common.mx_6.11.0.202403141607\\db\/plugins/boardmanager/
2024-04-18 18:26:57,316 [INFO] ApiDb:261 - Set plugin images path to: C:\ST\STM32CubeIDE_1.15.0\STM32CubeIDE\plugins\com.st.stm32cube.common.mx_6.11.0.202403141607\\db\/plugins/mcufinder/images/
2024-04-18 18:26:57,317 [WARN] DbFile:41 - Overriding database path with different value: C:\Users\miles\.stmcufinder\plugins\mcufinder/ => C:\Users\miles\.stmcufinder\plugins\mcufinder
2024-04-18 18:26:57,317 [INFO] ApiDb:250 - Set database path to: C:\Users\miles\.stmcufinder\plugins\mcufinder//mcu/
2024-04-18 18:26:57,317 [WARN] DbFile:41 - Overriding database path with different value: C:\Users\miles\.stmcufinder\plugins\mcufinder/ => C:\Users\miles\.stmcufinder\plugins\mcufinder
2024-04-18 18:26:57,317 [INFO] DbMcusAds:125 - Set database path to: C:\Users\miles\.stmcufinder\plugins\mcufinder//mcu/
2024-04-18 18:26:57,317 [WARN] DbFile:41 - Overriding database path with different value: C:\Users\miles\.stmcufinder\plugins\mcufinder/ => C:\Users\miles\.stmcufinder\plugins\mcufinder
2024-04-18 18:26:57,317 [WARN] DbFile:41 - Overriding database path with different value: C:\Users\miles\.stmcufinder\plugins\mcufinder/ => C:\Users\miles\.stmcufinder\plugins\mcufinder
2024-04-18 18:26:57,317 [INFO] CrossReferenceDbSqlite:203 - Set database path to: C:\Users\miles\.stmcufinder\plugins\mcufinder//mcu/cs/
2024-04-18 18:26:57,380 [INFO] MainPanel:264 - HeapMemory: 268435456
2024-04-18 18:26:57,436 [INFO] DbMcusXml:78 - Set database path to: C:\ST\STM32CubeIDE_1.15.0\STM32CubeIDE\plugins\com.st.stm32cube.common.mx_6.11.0.202403141607\\db\/mcu/
2024-04-18 18:26:57,436 [INFO] ApiDb:274 - Set plugin database path to: C:\ST\STM32CubeIDE_1.15.0\STM32CubeIDE\plugins\com.st.stm32cube.common.mx_6.11.0.202403141607\\db\/plugins/boardmanager/
2024-04-18 18:26:57,436 [INFO] ApiDb:261 - Set plugin images path to: C:\ST\STM32CubeIDE_1.15.0\STM32CubeIDE\plugins\com.st.stm32cube.common.mx_6.11.0.202403141607\\db\/plugins/mcufinder/images/
2024-04-18 18:26:57,436 [WARN] DbFile:41 - Overriding database path with different value: C:\Users\miles\.stmcufinder\plugins\mcufinder/ => C:\Users\miles\.stmcufinder\plugins\mcufinder
2024-04-18 18:26:57,436 [INFO] ApiDb:250 - Set database path to: C:\Users\miles\.stmcufinder\plugins\mcufinder//mcu/
2024-04-18 18:26:57,436 [WARN] DbFile:41 - Overriding database path with different value: C:\Users\miles\.stmcufinder\plugins\mcufinder/ => C:\Users\miles\.stmcufinder\plugins\mcufinder
2024-04-18 18:26:57,437 [INFO] DbMcusAds:125 - Set database path to: C:\Users\miles\.stmcufinder\plugins\mcufinder//mcu/
2024-04-18 18:26:57,437 [WARN] DbFile:41 - Overriding database path with different value: C:\Users\miles\.stmcufinder\plugins\mcufinder/ => C:\Users\miles\.stmcufinder\plugins\mcufinder
2024-04-18 18:26:57,437 [WARN] DbFile:41 - Overriding database path with different value: C:\Users\miles\.stmcufinder\plugins\mcufinder/ => C:\Users\miles\.stmcufinder\plugins\mcufinder
2024-04-18 18:26:57,437 [INFO] CrossReferenceDbSqlite:203 - Set database path to: C:\Users\miles\.stmcufinder\plugins\mcufinder//mcu/cs/
2024-04-18 18:26:57,453 [INFO] ApplicationProperties:184 - Using Application install path: C:\ST\STM32CubeIDE_1.15.0\STM32CubeIDE\plugins\com.st.stm32cube.common.mx_6.11.0.202403141607
2024-04-18 18:26:57,454 [INFO] PluginManage:196 - Search for loadable plugins [exclusion list=, ]
2024-04-18 18:26:57,455 [INFO] PluginManage:310 - Check plugin analytics
2024-04-18 18:26:57,587 [INFO] AnalyticsPlugin:253 - Accepted Software Licenses: 
2024-04-18 18:26:57,589 [INFO] AnalyticsPlugin:255 - Accepted CMSIS Pack Licenses: 
2024-04-18 18:26:57,589 [INFO] AnalyticsPlugin:257 - Accepted Firmware Licenses: FW.F4.1.28.0
2024-04-18 18:26:57,592 [INFO] PluginManage:359 - Loaded plugin analytics (category:tool,tabindex:-1)
2024-04-18 18:26:57,593 [INFO] PluginManage:310 - Check plugin cadmodel
2024-04-18 18:26:57,598 [INFO] CADModel:105 - Init CAD model plugin
2024-04-18 18:26:57,598 [INFO] PluginManage:359 - Loaded plugin cadmodel (category:power,tabindex:5)
2024-04-18 18:26:57,598 [INFO] PluginManage:310 - Check plugin clock
2024-04-18 18:26:57,606 [INFO] PluginManage:359 - Loaded plugin clock (category:base,tabindex:2)
2024-04-18 18:26:57,606 [INFO] PluginManage:310 - Check plugin ddr
2024-04-18 18:26:57,608 [INFO] PluginManage:359 - Loaded plugin ddr (category:tool,tabindex:6)
2024-04-18 18:26:57,608 [INFO] PluginManage:310 - Check plugin filemanager
2024-04-18 18:26:57,728 [INFO] PluginManage:359 - Loaded plugin filemanager (category:base,tabindex:10)
2024-04-18 18:26:57,728 [INFO] PluginManage:310 - Check plugin ipmanager
2024-04-18 18:26:57,735 [INFO] PluginManage:359 - Loaded plugin ipmanager (category:base,tabindex:5)
2024-04-18 18:26:57,735 [INFO] PluginManage:310 - Check plugin lpbam
2024-04-18 18:26:57,741 [INFO] PluginManage:359 - Loaded plugin lpbam (category:base,tabindex:0)
2024-04-18 18:26:57,741 [INFO] PluginManage:310 - Check plugin memorymap
2024-04-18 18:26:57,752 [INFO] PluginManage:359 - Loaded plugin memorymap (category:base,tabindex:4)
2024-04-18 18:26:57,752 [INFO] PluginManage:310 - Check plugin pinoutandconfiguration
2024-04-18 18:26:57,759 [INFO] PluginManage:359 - Loaded plugin pinoutandconfiguration (category:base,tabindex:1)
2024-04-18 18:26:57,759 [INFO] PluginManage:310 - Check plugin pinoutconfig
2024-04-18 18:26:57,839 [WARN] SupportedApi:132 - Cannot load RTOS API schema: s4s-elt-must-match.1: The content of 'definitions' must match (annotation?, (simpleType | complexType)?, (unique | key | keyref)*)). A problem was found starting at: attribute.
2024-04-18 18:26:57,943 [INFO] PluginManage:359 - Loaded plugin pinoutconfig (category:base,tabindex:0)
2024-04-18 18:26:57,943 [INFO] PluginManage:310 - Check plugin power
2024-04-18 18:26:57,951 [INFO] PluginManage:359 - Loaded plugin power (category:power,tabindex:4)
2024-04-18 18:26:57,951 [INFO] PluginManage:310 - Check plugin projectmanager
2024-04-18 18:26:57,965 [INFO] PluginManage:359 - Loaded plugin projectmanager (category:projectmanager,tabindex:3)
2024-04-18 18:26:57,965 [INFO] PluginManage:310 - Check plugin thirdparty
2024-04-18 18:26:58,067 [WARN] IntegrityCheckThread:84 - waiting for thirdparty lock release [integrity check]
2024-04-18 18:26:58,067 [INFO] IntegrityCheckThread:86 - entering critical section [integrity check]
2024-04-18 18:26:58,068 [INFO] PluginManage:359 - Loaded plugin thirdparty (category:base,tabindex:-1)
2024-04-18 18:26:58,068 [INFO] ThirdPartyUpdaterWithRetryManager:70 - Updater plugin not ready yet. [1/15]
2024-04-18 18:26:58,068 [INFO] PluginManage:310 - Check plugin tools
2024-04-18 18:26:58,072 [INFO] PluginManage:359 - Loaded plugin tools (category:base,tabindex:7)
2024-04-18 18:26:58,072 [INFO] PluginManage:310 - Check plugin tutovideos
2024-04-18 18:26:58,234 [INFO] PluginManage:359 - Loaded plugin tutovideos (category:base,tabindex:-1)
2024-04-18 18:26:58,235 [INFO] PluginManage:310 - Check plugin updater
2024-04-18 18:26:58,243 [INFO] PluginManage:359 - Loaded plugin updater (category:base,tabindex:12)
2024-04-18 18:26:58,243 [INFO] PluginManage:310 - Check plugin userauth
2024-04-18 18:26:58,246 [INFO] UserAuth:114 - Init User Auth plugin
2024-04-18 18:26:58,246 [INFO] PluginManage:359 - Loaded plugin userauth (category:base,tabindex:14)
2024-04-18 18:26:58,247 [INFO] PluginManage:283 - PluginManage : Loaded plugins [17]
2024-04-18 18:26:58,438 [INFO] PinOutPanel:1561 - setPackage(No Configuration,No Configuration)
2024-04-18 18:26:58,506 [INFO] CADModel:165 - CPN selected for project level
2024-04-18 18:26:58,507 [INFO] CADModel:114 - Register for checkConnection events
2024-04-18 18:26:58,521 [INFO] IPUIPlugin:80 - create IPUIPlugin
2024-04-18 18:26:58,521 [INFO] PluginManager:220 - loadIPPluginJar : add adc
2024-04-18 18:26:58,523 [INFO] IPUIPlugin:80 - create IPUIPlugin
2024-04-18 18:26:58,523 [INFO] PluginManager:220 - loadIPPluginJar : add aes
2024-04-18 18:26:58,525 [INFO] IPUIPlugin:80 - create IPUIPlugin
2024-04-18 18:26:58,525 [INFO] PluginManager:220 - loadIPPluginJar : add can
2024-04-18 18:26:58,526 [INFO] IPUIPlugin:80 - create IPUIPlugin
2024-04-18 18:26:58,526 [INFO] PluginManager:220 - loadIPPluginJar : add comp
2024-04-18 18:26:58,529 [INFO] IPUIPlugin:80 - create IPUIPlugin
2024-04-18 18:26:58,529 [INFO] PluginManager:220 - loadIPPluginJar : add cryp
2024-04-18 18:26:58,531 [INFO] IPUIPlugin:80 - create IPUIPlugin
2024-04-18 18:26:58,531 [INFO] PluginManager:220 - loadIPPluginJar : add dfsdm
2024-04-18 18:26:58,536 [INFO] IPUIPlugin:80 - create IPUIPlugin
2024-04-18 18:26:58,536 [INFO] PluginManager:220 - loadIPPluginJar : add dma
2024-04-18 18:26:58,538 [INFO] IPUIPlugin:80 - create IPUIPlugin
2024-04-18 18:26:58,539 [INFO] PluginManager:220 - loadIPPluginJar : add dma3
2024-04-18 18:26:58,540 [INFO] IPUIPlugin:80 - create IPUIPlugin
2024-04-18 18:26:58,540 [INFO] PluginManager:220 - loadIPPluginJar : add extmemmanager
2024-04-18 18:26:58,541 [INFO] IPUIPlugin:80 - create IPUIPlugin
2024-04-18 18:26:58,541 [INFO] PluginManager:220 - loadIPPluginJar : add fatfs
2024-04-18 18:26:58,544 [INFO] IPUIPlugin:80 - create IPUIPlugin
2024-04-18 18:26:58,544 [INFO] PluginManager:220 - loadIPPluginJar : add fmc
2024-04-18 18:26:58,549 [INFO] IPUIPlugin:80 - create IPUIPlugin
2024-04-18 18:26:58,549 [INFO] PluginManager:220 - loadIPPluginJar : add freertos
2024-04-18 18:26:58,550 [INFO] IPUIPlugin:80 - create IPUIPlugin
2024-04-18 18:26:58,550 [INFO] PluginManager:220 - loadIPPluginJar : add genericplugin
2024-04-18 18:26:58,553 [INFO] IPUIPlugin:80 - create IPUIPlugin
2024-04-18 18:26:58,553 [INFO] PluginManager:220 - loadIPPluginJar : add gfxmmu
2024-04-18 18:26:58,556 [INFO] IPUIPlugin:80 - create IPUIPlugin
2024-04-18 18:26:58,556 [INFO] PluginManager:220 - loadIPPluginJar : add gic
2024-04-18 18:26:58,559 [INFO] IPUIPlugin:80 - create IPUIPlugin
2024-04-18 18:26:58,559 [INFO] PluginManager:220 - loadIPPluginJar : add gpio
2024-04-18 18:26:58,561 [INFO] IPUIPlugin:80 - create IPUIPlugin
2024-04-18 18:26:58,561 [INFO] PluginManager:220 - loadIPPluginJar : add gtzc
2024-04-18 18:26:58,562 [INFO] IPUIPlugin:80 - create IPUIPlugin
2024-04-18 18:26:58,562 [INFO] PluginManager:220 - loadIPPluginJar : add hash
2024-04-18 18:26:58,564 [INFO] IPUIPlugin:80 - create IPUIPlugin
2024-04-18 18:26:58,564 [INFO] PluginManager:220 - loadIPPluginJar : add i2c
2024-04-18 18:26:58,565 [INFO] IPUIPlugin:80 - create IPUIPlugin
2024-04-18 18:26:58,565 [INFO] PluginManager:220 - loadIPPluginJar : add i2s
2024-04-18 18:26:58,568 [INFO] IPUIPlugin:80 - create IPUIPlugin
2024-04-18 18:26:58,568 [INFO] PluginManager:220 - loadIPPluginJar : add i3c
2024-04-18 18:26:58,570 [INFO] IPUIPlugin:80 - create IPUIPlugin
2024-04-18 18:26:58,570 [INFO] PluginManager:220 - loadIPPluginJar : add ipddr
2024-04-18 18:26:58,575 [INFO] IPUIPlugin:80 - create IPUIPlugin
2024-04-18 18:26:58,575 [INFO] PluginManager:220 - loadIPPluginJar : add linkedlist
2024-04-18 18:26:58,577 [INFO] IPUIPlugin:80 - create IPUIPlugin
2024-04-18 18:26:58,577 [INFO] PluginManager:220 - loadIPPluginJar : add lorawan
2024-04-18 18:26:58,578 [INFO] IPUIPlugin:80 - create IPUIPlugin
2024-04-18 18:26:58,578 [INFO] PluginManager:220 - loadIPPluginJar : add ltdc
2024-04-18 18:26:58,583 [INFO] IPUIPlugin:80 - create IPUIPlugin
2024-04-18 18:26:58,583 [INFO] PluginManager:220 - loadIPPluginJar : add mdma
2024-04-18 18:26:58,585 [INFO] IPUIPlugin:80 - create IPUIPlugin
2024-04-18 18:26:58,585 [INFO] PluginManager:220 - loadIPPluginJar : add nvic
2024-04-18 18:26:58,588 [INFO] IPUIPlugin:80 - create IPUIPlugin
2024-04-18 18:26:58,588 [INFO] PluginManager:220 - loadIPPluginJar : add opamp
2024-04-18 18:26:58,590 [INFO] IPUIPlugin:80 - create IPUIPlugin
2024-04-18 18:26:58,590 [INFO] PluginManager:220 - loadIPPluginJar : add openamp
2024-04-18 18:26:58,593 [INFO] IPUIPlugin:80 - create IPUIPlugin
2024-04-18 18:26:58,593 [INFO] PluginManager:220 - loadIPPluginJar : add pdm2pcm
2024-04-18 18:26:58,597 [INFO] IPUIPlugin:80 - create IPUIPlugin
2024-04-18 18:26:58,599 [INFO] PluginManager:220 - loadIPPluginJar : add plateformsettings
2024-04-18 18:26:58,600 [INFO] IPUIPlugin:80 - create IPUIPlugin
2024-04-18 18:26:58,600 [INFO] PluginManager:220 - loadIPPluginJar : add quadspi
2024-04-18 18:26:58,602 [INFO] IPUIPlugin:80 - create IPUIPlugin
2024-04-18 18:26:58,602 [INFO] PluginManager:220 - loadIPPluginJar : add resmgrutility
2024-04-18 18:26:58,604 [INFO] IPUIPlugin:80 - create IPUIPlugin
2024-04-18 18:26:58,605 [INFO] PluginManager:220 - loadIPPluginJar : add sai
2024-04-18 18:26:58,606 [INFO] IPUIPlugin:80 - create IPUIPlugin
2024-04-18 18:26:58,606 [INFO] PluginManager:220 - loadIPPluginJar : add spi
2024-04-18 18:26:58,609 [INFO] IPUIPlugin:80 - create IPUIPlugin
2024-04-18 18:26:58,610 [INFO] PluginManager:220 - loadIPPluginJar : add stm32_wpan
2024-04-18 18:26:58,611 [INFO] IPUIPlugin:80 - create IPUIPlugin
2024-04-18 18:26:58,611 [INFO] PluginManager:220 - loadIPPluginJar : add tim
2024-04-18 18:26:58,613 [INFO] IPUIPlugin:80 - create IPUIPlugin
2024-04-18 18:26:58,613 [INFO] PluginManager:220 - loadIPPluginJar : add touchsensing
2024-04-18 18:26:58,614 [INFO] IPUIPlugin:80 - create IPUIPlugin
2024-04-18 18:26:58,614 [INFO] PluginManager:220 - loadIPPluginJar : add tracer_emb
2024-04-18 18:26:58,615 [INFO] IPUIPlugin:80 - create IPUIPlugin
2024-04-18 18:26:58,615 [INFO] PluginManager:220 - loadIPPluginJar : add ts
2024-04-18 18:26:58,616 [INFO] IPUIPlugin:80 - create IPUIPlugin
2024-04-18 18:26:58,616 [INFO] PluginManager:220 - loadIPPluginJar : add tsc
2024-04-18 18:26:58,618 [INFO] IPUIPlugin:80 - create IPUIPlugin
2024-04-18 18:26:58,618 [INFO] PluginManager:220 - loadIPPluginJar : add ucpd
2024-04-18 18:26:58,619 [INFO] IPUIPlugin:80 - create IPUIPlugin
2024-04-18 18:26:58,619 [INFO] PluginManager:220 - loadIPPluginJar : add usart
2024-04-18 18:26:58,621 [INFO] IPUIPlugin:80 - create IPUIPlugin
2024-04-18 18:26:58,621 [INFO] PluginManager:220 - loadIPPluginJar : add usbx
2024-04-18 18:26:58,739 [INFO] CADModel:165 - CPN selected for project level
2024-04-18 18:26:58,739 [INFO] CADModel:114 - Register for checkConnection events
2024-04-18 18:26:58,739 [FATAL] Updater:308 - Updater called before beeing initialized
2024-04-18 18:26:58,740 [ERROR] CADModel:125 - Updater not yet initialized, retry later 
2024-04-18 18:26:58,843 [INFO] CADModel:165 - CPN selected for project level
2024-04-18 18:26:58,843 [INFO] CADModel:114 - Register for checkConnection events
2024-04-18 18:26:58,843 [FATAL] Updater:308 - Updater called before beeing initialized
2024-04-18 18:26:58,843 [ERROR] CADModel:125 - Updater not yet initialized, retry later 
2024-04-18 18:26:58,846 [FATAL] Updater:308 - Updater called before beeing initialized
2024-04-18 18:26:58,935 [FATAL] Updater:308 - Updater called before beeing initialized
2024-04-18 18:26:58,938 [INFO] DbMcusAds:53 - JSON generation date=Wed Nov 29 04:52:27 CST 2023 (1701255147349)
2024-04-18 18:26:58,938 [FATAL] Updater:308 - Updater called before beeing initialized
2024-04-18 18:26:58,974 [WARN] DetailPanel:346 - Failed to get advertising image, set to default
2024-04-18 18:26:59,068 [FATAL] Updater:308 - Updater called before beeing initialized
2024-04-18 18:26:59,069 [FATAL] Updater:308 - Updater called before beeing initialized
2024-04-18 18:26:59,069 [FATAL] Updater:308 - Updater called before beeing initialized
2024-04-18 18:26:59,069 [WARN] DetailPanel:346 - Failed to get advertising image, set to default
2024-04-18 18:26:59,070 [FATAL] Updater:308 - Updater called before beeing initialized
2024-04-18 18:26:59,112 [ERROR] Updater:1120 - MainUpdater not yet initialized. External WinMGr cannot be set.
2024-04-18 18:26:59,114 [INFO] Updater:1056 - Updater Version found : 6.11.0
2024-04-18 18:26:59,131 [INFO] ApplicationProperties:184 - Using Application install path: C:\ST\STM32CubeIDE_1.15.0\STM32CubeIDE\plugins\com.st.stm32cube.common.mx_6.11.0.202403141607
2024-04-18 18:27:00,704 [ERROR] LogOutputStream:75 - [STDERR_REDIRECT] Apr 18, 2024 6:27:00 PM java.util.prefs.WindowsPreferences <init>
2024-04-18 18:27:00,707 [ERROR] LogOutputStream:75 - [STDERR_REDIRECT] WARNING: Could not open/create prefs root node Software\JavaSoft\Prefs at root 0xffffffff80000002. Windows RegCreateKeyEx(...) returned error code 5.
2024-04-18 18:27:00,707 [ERROR] LogOutputStream:75 - [STDERR_REDIRECT] 
2024-04-18 18:27:00,943 [INFO] MainUpdater:2873 - connection check result : 10
2024-04-18 18:27:00,943 [INFO] MainUpdater:290 - Updater Check For Update Now.
2024-04-18 18:27:00,943 [INFO] MicroXplorer:498 - Change Database Version : DB.6.0.110
2024-04-18 18:27:00,951 [INFO] McuFinderGlobals:63 - Set McuFinder mode to 2 (CubeIDE integrated)
2024-04-18 18:27:00,958 [INFO] UserAuth:415 - Internet connection configuration mode: 1
2024-04-18 18:27:00,991 [INFO] JxBrowserEngine:152 - Initiate JxBrowser Engine with user profile folder
2024-04-18 18:27:01,069 [WARN] MainUpdater:1194 - Updater busy. Cannot search thirdparties
2024-04-18 18:27:01,069 [INFO] ThirdPartyUpdaterWithRetryManager:96 - Updater plugin is busy. [1/15]
2024-04-18 18:27:01,121 [INFO] CheckServerUpdateThread:120 - End of CheckServer Thread
2024-04-18 18:27:01,620 [INFO] WebApp:161 - Instantiating new browser for Auth
2024-04-18 18:27:02,043 [INFO] WebApp:779 - Register for checkConnection events
2024-04-18 18:27:02,043 [INFO] WebApp:414 - Apply proxy settings
2024-04-18 18:27:02,043 [INFO] WebApp:499 - Chromium requires no authentication
2024-04-18 18:27:02,048 [INFO] WebApp:442 - Direct internet connection detected
2024-04-18 18:27:02,164 [INFO] WebApp:192 - Starting web application
2024-04-18 18:27:02,164 [INFO] WebApp:544 - Web application path used C:\ST\STM32CubeIDE_1.15.0\STM32CubeIDE\plugins\com.st.stm32cube.common.mx_6.11.0.202403141607\db\plugins\mcufinder\reactClient1\index.html
2024-04-18 18:27:04,237 [WARN] PackLoader:240 - Cannot read IP mode file for STMicroelectronics.FP-SNS-MOTENVWB1.1.4.0
2024-04-18 18:27:04,250 [WARN] PackLoader:240 - Cannot read IP mode file for STMicroelectronics.X-CUBE-SMBUS.2.1.0
2024-04-18 18:27:04,254 [WARN] PackLoader:240 - Cannot read IP mode file for STMicroelectronics.X-CUBE-TOUCHGFX.4.23.2
2024-04-18 18:27:04,283 [WARN] PackLoader:240 - Cannot read IP mode file for STMicroelectronics.X-CUBE-AZRTOS-F7.1.1.0
2024-04-18 18:27:04,295 [WARN] PackLoader:240 - Cannot read IP mode file for STMicroelectronics.FP-SNS-FLIGHT1.5.0.2
2024-04-18 18:27:04,306 [WARN] PackLoader:240 - Cannot read IP mode file for STMicroelectronics.X-CUBE-DISPLAY.3.0.0
2024-04-18 18:27:04,323 [WARN] PackLoader:240 - Cannot read IP mode file for STMicroelectronics.X-CUBE-BLE1.7.0.0
2024-04-18 18:27:04,329 [WARN] PackLoader:240 - Cannot read IP mode file for emotas.I-CUBE-CANOPEN.1.3.0
2024-04-18 18:27:04,341 [WARN] PackLoader:240 - Cannot read IP mode file for STMicroelectronics.X-CUBE-BLEMGR.3.1.0
2024-04-18 18:27:04,348 [WARN] PackLoader:240 - Cannot read IP mode file for STMicroelectronics.FP-SNS-SMARTAG2.1.2.0
2024-04-18 18:27:04,360 [INFO] LogOutputStream:77 - [STDOUT_REDIRECT] 1 : Invalid condition id : UX_CORESTACK_Condition cause : null
2024-04-18 18:27:04,361 [INFO] LogOutputStream:77 - [STDOUT_REDIRECT] 1 : Invalid condition id : UX_CORESTACK_Condition cause : null
2024-04-18 18:27:04,363 [INFO] LogOutputStream:77 - [STDOUT_REDIRECT] 1 : Invalid condition id : UX_CORESTACK_Condition cause : null
2024-04-18 18:27:04,364 [INFO] LogOutputStream:77 - [STDOUT_REDIRECT] 1 : Invalid condition id : UX_CORESTACK_Condition cause : null
2024-04-18 18:27:04,366 [INFO] LogOutputStream:77 - [STDOUT_REDIRECT] 1 : Invalid condition id : UX_CORESTACK_Condition cause : null
2024-04-18 18:27:04,369 [WARN] PackLoader:240 - Cannot read IP mode file for STMicroelectronics.X-CUBE-AZRTOS-WL.2.0.0
2024-04-18 18:27:04,376 [WARN] PackLoader:240 - Cannot read IP mode file for STMicroelectronics.FP-SNS-MOTENV1.5.0.0
2024-04-18 18:27:04,388 [WARN] PackLoader:240 - Cannot read IP mode file for WES.I-CUBE-Cesium.1.3.0
2024-04-18 18:27:04,392 [WARN] PackLoader:240 - Cannot read IP mode file for STMicroelectronics.X-CUBE-BLE2.3.3.0
2024-04-18 18:27:04,398 [WARN] PackLoader:240 - Cannot read IP mode file for STMicroelectronics.X-CUBE-TCPP.4.1.0
2024-04-18 18:27:04,406 [WARN] PackLoader:240 - Cannot read IP mode file for STMicroelectronics.X-CUBE-ALGOBUILD.1.3.0
2024-04-18 18:27:04,420 [WARN] PackLoader:240 - Cannot read IP mode file for STMicroelectronics.X-CUBE-AZRTOS-G0.1.1.0
2024-04-18 18:27:04,427 [WARN] PackLoader:240 - Cannot read IP mode file for STMicroelectronics.X-CUBE-SAFEA1.1.2.2
2024-04-18 18:27:04,433 [WARN] PackLoader:240 - Cannot read IP mode file for STMicroelectronics.X-CUBE-NFC4.3.0.0
2024-04-18 18:27:04,438 [WARN] PackLoader:240 - Cannot read IP mode file for wolfSSL.I-CUBE-wolfSSL.5.7.0
2024-04-18 18:27:04,441 [WARN] PackLoader:240 - Cannot read IP mode file for STMicroelectronics.FP-ATR-SIGFOX1.3.2.0
2024-04-18 18:27:04,446 [WARN] PackLoader:240 - Cannot read IP mode file for STMicroelectronics.X-CUBE-EEPRMA1.5.1.0
2024-04-18 18:27:04,453 [WARN] PackLoader:240 - Cannot read IP mode file for ITTIA_DB.I-CUBE-ITTIADB.8.9.0
2024-04-18 18:27:04,488 [WARN] PackLoader:240 - Cannot read IP mode file for SEGGER.I-CUBE-embOS.1.3.1
2024-04-18 18:27:04,537 [WARN] PackLoader:240 - Cannot read IP mode file for STMicroelectronics.X-CUBE-GNSS1.6.0.0
2024-04-18 18:27:04,553 [WARN] PackLoader:240 - Cannot read IP mode file for STMicroelectronics.X-CUBE-AZRTOS-F4.1.1.0
2024-04-18 18:27:04,570 [WARN] PackLoader:240 - Cannot read IP mode file for STMicroelectronics.X-CUBE-AZRTOS-L5.2.0.0
2024-04-18 18:27:04,577 [WARN] PackLoader:240 - Cannot read IP mode file for STMicroelectronics.X-CUBE-NFC6.3.1.0
2024-04-18 18:27:04,584 [WARN] PackLoader:240 - Cannot read IP mode file for STMicroelectronics.X-CUBE-AI.9.0.0
2024-04-18 18:27:04,589 [WARN] PackLoader:240 - Cannot read IP mode file for STMicroelectronics.X-CUBE-NFC7.1.0.1
2024-04-18 18:27:04,592 [WARN] PackLoader:240 - Cannot read IP mode file for STMicroelectronics.X-CUBE-AI.8.1.0
2024-04-18 18:27:04,607 [WARN] ConditionMgr:438 - getConditionDescription Invalid condition id : LAN8742 Phy interface Condition cause : null
2024-04-18 18:27:04,608 [WARN] PackLoader:240 - Cannot read IP mode file for STMicroelectronics.X-CUBE-AZRTOS-L4.2.0.0
2024-04-18 18:27:04,609 [WARN] ConditionMgr:1039 - genDependencies : Invalid condition id : LAN8742 Phy interface Condition cause : null
2024-04-18 18:27:04,609 [WARN] ConditionMgr:1039 - genDependencies : Invalid condition id : LAN8742 Phy interface Condition cause : null
2024-04-18 18:27:04,610 [WARN] ConditionMgr:1039 - genDependencies : Invalid condition id : LAN8742 Phy interface Condition cause : null
2024-04-18 18:27:04,618 [WARN] PackLoader:240 - Cannot read IP mode file for STMicroelectronics.X-CUBE-SFXS2LP1.4.0.0
2024-04-18 18:27:04,633 [WARN] ConditionMgr:438 - getConditionDescription Invalid condition id : UX DEVICE CLASS RTOS Condition cause : null
2024-04-18 18:27:04,634 [WARN] ConditionMgr:438 - getConditionDescription Invalid condition id : UX DEVICE CLASS RTOS Condition cause : null
2024-04-18 18:27:04,636 [WARN] PackLoader:240 - Cannot read IP mode file for STMicroelectronics.X-CUBE-AZRTOS-WB.2.0.0
2024-04-18 18:27:04,636 [WARN] ConditionMgr:1039 - genDependencies : Invalid condition id : UX DEVICE CLASS RTOS Condition cause : null
2024-04-18 18:27:04,636 [WARN] ConditionMgr:1039 - genDependencies : Invalid condition id : UX DEVICE CLASS RTOS Condition cause : null
2024-04-18 18:27:04,637 [WARN] ConditionMgr:1039 - genDependencies : Invalid condition id : UX DEVICE CLASS RTOS Condition cause : null
2024-04-18 18:27:04,637 [WARN] ConditionMgr:1039 - genDependencies : Invalid condition id : UX DEVICE CLASS RTOS Condition cause : null
2024-04-18 18:27:04,637 [WARN] ConditionMgr:1039 - genDependencies : Invalid condition id : UX DEVICE CLASS RTOS Condition cause : null
2024-04-18 18:27:04,646 [WARN] PackLoader:240 - Cannot read IP mode file for STMicroelectronics.X-CUBE-SUBG2.5.0.0
2024-04-18 18:27:04,662 [WARN] PackLoader:240 - Cannot read IP mode file for STMicroelectronics.X-CUBE-AZRTOS-G4.2.0.0
2024-04-18 18:27:04,666 [WARN] PackLoader:240 - Cannot read IP mode file for STMicroelectronics.FP-SNS-MOTENVWB1.1.3.1
2024-04-18 18:27:04,670 [WARN] PackLoader:240 - Cannot read IP mode file for STMicroelectronics.X-CUBE-ISPU.2.0.0
2024-04-18 18:27:04,711 [WARN] PackLoader:240 - Cannot read IP mode file for STMicroelectronics.X-CUBE-MEMS1.10.0.0
2024-04-18 18:27:04,906 [WARN] PackLoader:240 - Cannot read IP mode file for STMicroelectronics.X-CUBE-FREERTOS.1.1.0
2024-04-18 18:27:04,913 [WARN] PackLoader:240 - Cannot read IP mode file for portGmbH.I-Cube-SoM-uGOAL.1.1.0
2024-04-18 18:27:04,920 [WARN] PackLoader:240 - Cannot read IP mode file for STMicroelectronics.X-CUBE-ALS.1.0.1
2024-04-18 18:27:04,940 [WARN] PackLoader:240 - Cannot read IP mode file for STMicroelectronics.X-CUBE-AZRTOS-H7RS.1.0.0
2024-04-18 18:27:04,949 [WARN] PackLoader:240 - Cannot read IP mode file for STMicroelectronics.FP-ATR-ASTRA1.2.0.0
2024-04-18 18:27:04,966 [WARN] PackLoader:240 - Cannot read IP mode file for STMicroelectronics.X-CUBE-TOF1.3.4.1
2024-04-18 18:27:05,015 [WARN] PackLoader:240 - Cannot read IP mode file for STMicroelectronics.X-CUBE-AZRTOS-H7.3.2.0
2024-04-18 18:27:05,034 [WARN] PackLoader:240 - Cannot read IP mode file for Infineon.AIROC-Wi-Fi-Bluetooth-STM32.1.6.0
2024-04-18 18:27:05,040 [INFO] ThirdParty:978 - Integrity check success = true
2024-04-18 18:27:05,040 [INFO] IntegrityCheckThread:100 - exiting critical section [integrity check]
2024-04-18 18:27:05,041 [INFO] IntegrityCheckThread:103 - End integrity checks thread
